13:33:45.051 [main] INFO  c.a.n.c.e.SearchableProperties - [sortPropertySourceDefaultOrder,197] - properties search order:PROPERTIES->JVM->ENV->DEFAULT_SETTING
13:33:45.095 [background-preinit] INFO  o.h.v.i.util.Version - [<clinit>,21] - HV000001: Hibernate Validator 6.2.5.Final
13:33:45.708 [main] INFO  c.a.n.p.a.s.c.ClientAuthPluginManager - [init,56] - [ClientAuthPluginManager] Load ClientAuthService com.alibaba.nacos.client.auth.impl.NacosClientAuthServiceImpl success.
13:33:45.708 [main] INFO  c.a.n.p.a.s.c.ClientAuthPluginManager - [init,56] - [ClientAuthPluginManager] Load ClientAuthService com.alibaba.nacos.client.auth.ram.RamClientAuthServiceImpl success.
13:33:49.192 [main] INFO  c.j.s.BCryptPasswordTest - [logStartupProfileInfo,638] - The following 1 profile is active: "dev"
13:33:51.892 [main] INFO  c.a.c.s.SentinelWebMvcConfigurer - [addInterceptors,52] - [Sentinel Starter] register SentinelWebInterceptor with urlPatterns: [/**].
13:33:56.569 [main] INFO  c.j.s.BCryptPasswordTest - [logStarted,61] - Started BCryptPasswordTest in 13.268 seconds (JVM running for 14.377)
13:33:56.627 [main] INFO  c.a.c.n.r.NacosContextRefresher - [registerNacosListener,129] - [Nacos Config] Listening config: dataId=jcm-auth, group=DEFAULT_GROUP
13:33:56.628 [main] INFO  c.a.c.n.r.NacosContextRefresher - [registerNacosListener,129] - [Nacos Config] Listening config: dataId=jcm-auth.yml, group=DEFAULT_GROUP
21:27:25.904 [main] INFO  c.a.n.c.e.SearchableProperties - [sortPropertySourceDefaultOrder,197] - properties search order:PROPERTIES->JVM->ENV->DEFAULT_SETTING
21:27:25.953 [background-preinit] INFO  o.h.v.i.util.Version - [<clinit>,21] - HV000001: Hibernate Validator 6.2.5.Final
21:27:26.586 [main] INFO  c.a.n.p.a.s.c.ClientAuthPluginManager - [init,56] - [ClientAuthPluginManager] Load ClientAuthService com.alibaba.nacos.client.auth.impl.NacosClientAuthServiceImpl success.
21:27:26.587 [main] INFO  c.a.n.p.a.s.c.ClientAuthPluginManager - [init,56] - [ClientAuthPluginManager] Load ClientAuthService com.alibaba.nacos.client.auth.ram.RamClientAuthServiceImpl success.
21:27:30.062 [main] INFO  c.j.s.BCryptPasswordTest - [logStartupProfileInfo,638] - The following 1 profile is active: "dev"
21:27:32.821 [main] INFO  c.a.c.s.SentinelWebMvcConfigurer - [addInterceptors,52] - [Sentinel Starter] register SentinelWebInterceptor with urlPatterns: [/**].
21:27:37.362 [main] INFO  c.j.s.BCryptPasswordTest - [logStarted,61] - Started BCryptPasswordTest in 13.164 seconds (JVM running for 14.603)
21:27:37.427 [main] INFO  c.a.c.n.r.NacosContextRefresher - [registerNacosListener,129] - [Nacos Config] Listening config: dataId=jcm-auth, group=DEFAULT_GROUP
21:27:37.430 [main] INFO  c.a.c.n.r.NacosContextRefresher - [registerNacosListener,129] - [Nacos Config] Listening config: dataId=jcm-auth.yml, group=DEFAULT_GROUP
22:14:51.007 [main] INFO  c.a.n.c.e.SearchableProperties - [sortPropertySourceDefaultOrder,197] - properties search order:PROPERTIES->JVM->ENV->DEFAULT_SETTING
22:14:51.051 [background-preinit] INFO  o.h.v.i.util.Version - [<clinit>,21] - HV000001: Hibernate Validator 6.2.5.Final
22:14:51.636 [main] INFO  c.a.n.p.a.s.c.ClientAuthPluginManager - [init,56] - [ClientAuthPluginManager] Load ClientAuthService com.alibaba.nacos.client.auth.impl.NacosClientAuthServiceImpl success.
22:14:51.636 [main] INFO  c.a.n.p.a.s.c.ClientAuthPluginManager - [init,56] - [ClientAuthPluginManager] Load ClientAuthService com.alibaba.nacos.client.auth.ram.RamClientAuthServiceImpl success.
22:14:54.897 [main] INFO  c.j.s.BCryptPasswordTest - [logStartupProfileInfo,638] - The following 1 profile is active: "dev"
22:14:57.266 [main] INFO  c.a.c.s.SentinelWebMvcConfigurer - [addInterceptors,52] - [Sentinel Starter] register SentinelWebInterceptor with urlPatterns: [/**].
22:15:01.820 [main] INFO  c.j.s.BCryptPasswordTest - [logStarted,61] - Started BCryptPasswordTest in 12.484 seconds (JVM running for 13.322)
22:15:01.863 [main] INFO  c.a.c.n.r.NacosContextRefresher - [registerNacosListener,129] - [Nacos Config] Listening config: dataId=jcm-auth, group=DEFAULT_GROUP
22:15:01.866 [main] INFO  c.a.c.n.r.NacosContextRefresher - [registerNacosListener,129] - [Nacos Config] Listening config: dataId=jcm-auth.yml, group=DEFAULT_GROUP
