18:00:21.631 [main] ERROR c.a.c.n.c.NacosPropertySourceBuilder - [loadNacosData,104] - parse data from Nacos error,dataId:jcm-system-dev.yml,data:spring:
  #knife4j文档需要配置，不配置文档无法正常显示接口
  mvc:
    pathmatch:
      matching-strategy: ant_path_matcher
# spring配置
  redis:
    host: localhost
    port: 6379
  datasource:
    type: com.alibaba.druid.pool.DruidDataSource
    druid:
      url: jdbc:mysql://${MYSQL_HOST:localhost}:${MYSQL_PORT:3306}/${MYSQL_DATABASE:lvshihao}?useUnicode=true&characterEncoding=utf8&zeroDateTimeBehavior=convertToNull&useSSL=false&serverTimezone=GMT%2B8
      username: ${MYSQL_USERNAME:root}
      password: ${MYSQL_PASSWORD:lvshihao}
      driver-class-name: com.mysql.cj.jdbc.Driver
      # 初始化物理链接的个数
      initial-size: 5
      # 最大连接池数量
      max-active: 30
      # 最小 连接池数量
      min-idle: 5
      # 获取连接时最大等待时间，单位毫秒 timeout链接超时
      max-wait: 60000
      # 配置间隔多久才进行一次检测，检测需要关闭的空闲连接，单位是毫秒  检测非核心链接的时间
      #既作为检测的间隔时间又作为testWhileIdel执行的依据
      time-between-eviction-runs-millis: 60000
      # 连接保持空闲而不被驱逐的最小时间
      min-evictable-idle-time-millis: 30000
      # 用来检测连接是否有效的sql，要求是一个查询语句  8小时问题 8个小时没跟mysql通信mysql会主动关闭该链接
      validation-query: SELECT 1 FROM DUAL
      # 建议配置为true，不影响性能，并且保证安全性。申请连接的时候检测，
      # 如果空闲时间大于min-evictable-idle-time-millis，执行validationQuery检测连接是否有效。
      test-while-idle: true
      # 申请连接时执行validationQuery检测连接是否有效，做了这个配置会降低性能。
      test-on-borrow: false
      # 归还连接时执行validationQuery检测连接是否有效，做了这个配置会降低性能。
      test-on-return: false
      # 是否缓存preparedStatement，也就是PSCache。PSCache对支持游标的数据库性能提升巨大，
      # 比如说oracle。在mysql下建议关闭。不是mysql端，链接端，select * from student 查询缓存
      pool-prepared-statements: true
      #调优相关：基本上任何一个项目的性能瓶颈 1.io 2.cpu计算量
      # 配置监控统计拦截的filters，去掉后监控界面sql无法统计
      filter:
        slf4j:
          enabled: true
        stat:
          enabled: true
          merge-sql: true
          slow-sql-millis: 300
        wall:
          enabled: true
      #配置stat-view-servlet
      stat-view-servlet:
        enabled: true
        login-username: admin
        login-password: 123456
        reset-enable: false
      #配置web-stat-filter
      web-stat-filter:
        enabled: true
knife4j:
  enable: true
#mybatis-plus配置
mybatis-plus:
  configuration:
    log-impl: org.apache.ibatis.logging.stdout.StdOutImpl
  global-config:
    db-config:
      logic-delete-field: deleted #默认deleted
      id-type: auto # Set ID type strategy according to your database
      logic-delete-value: 1
      logic-not-delete-value: 0
#mybatis配置
mybatis:
  mapper-locations: classpath:mapper/*.xml
org.yaml.snakeyaml.error.YAMLException: java.nio.charset.MalformedInputException: Input length = 1
	at org.yaml.snakeyaml.reader.StreamReader.update(StreamReader.java:218)
	at org.yaml.snakeyaml.reader.StreamReader.ensureEnoughData(StreamReader.java:176)
	at org.yaml.snakeyaml.reader.StreamReader.ensureEnoughData(StreamReader.java:171)
	at org.yaml.snakeyaml.reader.StreamReader.peek(StreamReader.java:126)
	at org.yaml.snakeyaml.scanner.ScannerImpl.scanToNextToken(ScannerImpl.java:1218)
	at org.yaml.snakeyaml.scanner.ScannerImpl.fetchMoreTokens(ScannerImpl.java:329)
	at org.yaml.snakeyaml.scanner.ScannerImpl.checkToken(ScannerImpl.java:251)
	at org.yaml.snakeyaml.parser.ParserImpl$ParseImplicitDocumentStart.produce(ParserImpl.java:214)
	at org.yaml.snakeyaml.parser.ParserImpl.peekEvent(ParserImpl.java:166)
	at org.yaml.snakeyaml.parser.ParserImpl.checkEvent(ParserImpl.java:156)
	at org.yaml.snakeyaml.composer.Composer.checkNode(Composer.java:93)
	at org.yaml.snakeyaml.constructor.BaseConstructor.checkData(BaseConstructor.java:124)
	at org.yaml.snakeyaml.Yaml$1.hasNext(Yaml.java:509)
	at org.springframework.beans.factory.config.YamlProcessor.process(YamlProcessor.java:199)
	at org.springframework.beans.factory.config.YamlProcessor.process(YamlProcessor.java:166)
	at org.springframework.boot.env.OriginTrackedYamlLoader.load(OriginTrackedYamlLoader.java:88)
	at org.springframework.boot.env.YamlPropertySourceLoader.load(YamlPropertySourceLoader.java:50)
	at com.alibaba.cloud.nacos.parser.NacosDataParserHandler.parseNacosData(NacosDataParserHandler.java:92)
	at com.alibaba.cloud.nacos.client.NacosPropertySourceBuilder.loadNacosData(NacosPropertySourceBuilder.java:97)
	at com.alibaba.cloud.nacos.client.NacosPropertySourceBuilder.build(NacosPropertySourceBuilder.java:73)
	at com.alibaba.cloud.nacos.client.NacosPropertySourceLocator.loadNacosPropertySource(NacosPropertySourceLocator.java:199)
	at com.alibaba.cloud.nacos.client.NacosPropertySourceLocator.loadNacosDataIfPresent(NacosPropertySourceLocator.java:186)
	at com.alibaba.cloud.nacos.client.NacosPropertySourceLocator.loadNacosConfiguration(NacosPropertySourceLocator.java:158)
	at com.alibaba.cloud.nacos.client.NacosPropertySourceLocator.loadSharedConfiguration(NacosPropertySourceLocator.java:116)
	at com.alibaba.cloud.nacos.client.NacosPropertySourceLocator.locate(NacosPropertySourceLocator.java:101)
	at org.springframework.cloud.bootstrap.config.PropertySourceLocator.locateCollection(PropertySourceLocator.java:51)
	at org.springframework.cloud.bootstrap.config.PropertySourceLocator.locateCollection(PropertySourceLocator.java:47)
	at org.springframework.cloud.bootstrap.config.PropertySourceBootstrapConfiguration.doInitialize(PropertySourceBootstrapConfiguration.java:120)
	at org.springframework.cloud.bootstrap.config.PropertySourceBootstrapConfiguration.initialize(PropertySourceBootstrapConfiguration.java:110)
	at org.springframework.boot.SpringApplication.applyInitializers(SpringApplication.java:605)
	at org.springframework.boot.SpringApplication.prepareContext(SpringApplication.java:374)
	at org.springframework.boot.SpringApplication.run(SpringApplication.java:307)
	at org.springframework.boot.SpringApplication.run(SpringApplication.java:1300)
	at org.springframework.boot.SpringApplication.run(SpringApplication.java:1289)
	at com.jcm.system.JcmSystemApplication.main(JcmSystemApplication.java:20)
Caused by: java.nio.charset.MalformedInputException: Input length = 1
	at java.base/java.nio.charset.CoderResult.throwException(CoderResult.java:274)
	at java.base/sun.nio.cs.StreamDecoder.implRead(StreamDecoder.java:339)
	at java.base/sun.nio.cs.StreamDecoder.read(StreamDecoder.java:178)
	at java.base/java.io.InputStreamReader.read(InputStreamReader.java:181)
	at org.yaml.snakeyaml.reader.UnicodeReader.read(UnicodeReader.java:125)
	at org.yaml.snakeyaml.reader.StreamReader.update(StreamReader.java:183)
	... 34 common frames omitted
18:00:21.785 [main] ERROR c.a.c.n.c.NacosPropertySourceBuilder - [loadNacosData,104] - parse data from Nacos error,dataId:jcm-system-dev.yml,data:spring:
  #knife4j文档需要配置，不配置文档无法正常显示接口
  mvc:
    pathmatch:
      matching-strategy: ant_path_matcher
# spring配置
  redis:
    host: localhost
    port: 6379
  datasource:
    type: com.alibaba.druid.pool.DruidDataSource
    druid:
      url: jdbc:mysql://${MYSQL_HOST:localhost}:${MYSQL_PORT:3306}/${MYSQL_DATABASE:lvshihao}?useUnicode=true&characterEncoding=utf8&zeroDateTimeBehavior=convertToNull&useSSL=false&serverTimezone=GMT%2B8
      username: ${MYSQL_USERNAME:root}
      password: ${MYSQL_PASSWORD:lvshihao}
      driver-class-name: com.mysql.cj.jdbc.Driver
      # 初始化物理链接的个数
      initial-size: 5
      # 最大连接池数量
      max-active: 30
      # 最小 连接池数量
      min-idle: 5
      # 获取连接时最大等待时间，单位毫秒 timeout链接超时
      max-wait: 60000
      # 配置间隔多久才进行一次检测，检测需要关闭的空闲连接，单位是毫秒  检测非核心链接的时间
      #既作为检测的间隔时间又作为testWhileIdel执行的依据
      time-between-eviction-runs-millis: 60000
      # 连接保持空闲而不被驱逐的最小时间
      min-evictable-idle-time-millis: 30000
      # 用来检测连接是否有效的sql，要求是一个查询语句  8小时问题 8个小时没跟mysql通信mysql会主动关闭该链接
      validation-query: SELECT 1 FROM DUAL
      # 建议配置为true，不影响性能，并且保证安全性。申请连接的时候检测，
      # 如果空闲时间大于min-evictable-idle-time-millis，执行validationQuery检测连接是否有效。
      test-while-idle: true
      # 申请连接时执行validationQuery检测连接是否有效，做了这个配置会降低性能。
      test-on-borrow: false
      # 归还连接时执行validationQuery检测连接是否有效，做了这个配置会降低性能。
      test-on-return: false
      # 是否缓存preparedStatement，也就是PSCache。PSCache对支持游标的数据库性能提升巨大，
      # 比如说oracle。在mysql下建议关闭。不是mysql端，链接端，select * from student 查询缓存
      pool-prepared-statements: true
      #调优相关：基本上任何一个项目的性能瓶颈 1.io 2.cpu计算量
      # 配置监控统计拦截的filters，去掉后监控界面sql无法统计
      filter:
        slf4j:
          enabled: true
        stat:
          enabled: true
          merge-sql: true
          slow-sql-millis: 300
        wall:
          enabled: true
      #配置stat-view-servlet
      stat-view-servlet:
        enabled: true
        login-username: admin
        login-password: 123456
        reset-enable: false
      #配置web-stat-filter
      web-stat-filter:
        enabled: true
knife4j:
  enable: true
#mybatis-plus配置
mybatis-plus:
  configuration:
    log-impl: org.apache.ibatis.logging.stdout.StdOutImpl
  global-config:
    db-config:
      logic-delete-field: deleted #默认deleted
      id-type: auto # Set ID type strategy according to your database
      logic-delete-value: 1
      logic-not-delete-value: 0
#mybatis配置
mybatis:
  mapper-locations: classpath:mapper/*.xml
org.yaml.snakeyaml.error.YAMLException: java.nio.charset.MalformedInputException: Input length = 1
	at org.yaml.snakeyaml.reader.StreamReader.update(StreamReader.java:218)
	at org.yaml.snakeyaml.reader.StreamReader.ensureEnoughData(StreamReader.java:176)
	at org.yaml.snakeyaml.reader.StreamReader.ensureEnoughData(StreamReader.java:171)
	at org.yaml.snakeyaml.reader.StreamReader.peek(StreamReader.java:126)
	at org.yaml.snakeyaml.scanner.ScannerImpl.scanToNextToken(ScannerImpl.java:1218)
	at org.yaml.snakeyaml.scanner.ScannerImpl.fetchMoreTokens(ScannerImpl.java:329)
	at org.yaml.snakeyaml.scanner.ScannerImpl.checkToken(ScannerImpl.java:251)
	at org.yaml.snakeyaml.parser.ParserImpl$ParseImplicitDocumentStart.produce(ParserImpl.java:214)
	at org.yaml.snakeyaml.parser.ParserImpl.peekEvent(ParserImpl.java:166)
	at org.yaml.snakeyaml.parser.ParserImpl.checkEvent(ParserImpl.java:156)
	at org.yaml.snakeyaml.composer.Composer.checkNode(Composer.java:93)
	at org.yaml.snakeyaml.constructor.BaseConstructor.checkData(BaseConstructor.java:124)
	at org.yaml.snakeyaml.Yaml$1.hasNext(Yaml.java:509)
	at org.springframework.beans.factory.config.YamlProcessor.process(YamlProcessor.java:199)
	at org.springframework.beans.factory.config.YamlProcessor.process(YamlProcessor.java:166)
	at org.springframework.boot.env.OriginTrackedYamlLoader.load(OriginTrackedYamlLoader.java:88)
	at org.springframework.boot.env.YamlPropertySourceLoader.load(YamlPropertySourceLoader.java:50)
	at com.alibaba.cloud.nacos.parser.NacosDataParserHandler.parseNacosData(NacosDataParserHandler.java:92)
	at com.alibaba.cloud.nacos.client.NacosPropertySourceBuilder.loadNacosData(NacosPropertySourceBuilder.java:97)
	at com.alibaba.cloud.nacos.client.NacosPropertySourceBuilder.build(NacosPropertySourceBuilder.java:73)
	at com.alibaba.cloud.nacos.client.NacosPropertySourceLocator.loadNacosPropertySource(NacosPropertySourceLocator.java:199)
	at com.alibaba.cloud.nacos.client.NacosPropertySourceLocator.loadNacosDataIfPresent(NacosPropertySourceLocator.java:186)
	at com.alibaba.cloud.nacos.client.NacosPropertySourceLocator.loadApplicationConfiguration(NacosPropertySourceLocator.java:149)
	at com.alibaba.cloud.nacos.client.NacosPropertySourceLocator.locate(NacosPropertySourceLocator.java:103)
	at org.springframework.cloud.bootstrap.config.PropertySourceLocator.locateCollection(PropertySourceLocator.java:51)
	at org.springframework.cloud.bootstrap.config.PropertySourceLocator.locateCollection(PropertySourceLocator.java:47)
	at org.springframework.cloud.bootstrap.config.PropertySourceBootstrapConfiguration.doInitialize(PropertySourceBootstrapConfiguration.java:120)
	at org.springframework.cloud.bootstrap.config.PropertySourceBootstrapConfiguration.initialize(PropertySourceBootstrapConfiguration.java:110)
	at org.springframework.boot.SpringApplication.applyInitializers(SpringApplication.java:605)
	at org.springframework.boot.SpringApplication.prepareContext(SpringApplication.java:374)
	at org.springframework.boot.SpringApplication.run(SpringApplication.java:307)
	at org.springframework.boot.SpringApplication.run(SpringApplication.java:1300)
	at org.springframework.boot.SpringApplication.run(SpringApplication.java:1289)
	at com.jcm.system.JcmSystemApplication.main(JcmSystemApplication.java:20)
Caused by: java.nio.charset.MalformedInputException: Input length = 1
	at java.base/java.nio.charset.CoderResult.throwException(CoderResult.java:274)
	at java.base/sun.nio.cs.StreamDecoder.implRead(StreamDecoder.java:339)
	at java.base/sun.nio.cs.StreamDecoder.read(StreamDecoder.java:178)
	at java.base/java.io.InputStreamReader.read(InputStreamReader.java:181)
	at org.yaml.snakeyaml.reader.UnicodeReader.read(UnicodeReader.java:125)
	at org.yaml.snakeyaml.reader.StreamReader.update(StreamReader.java:183)
	... 33 common frames omitted
18:00:26.363 [main] ERROR o.s.b.w.e.t.TomcatStarter - [onStartup,61] - Error starting Tomcat context. Exception: org.springframework.beans.factory.UnsatisfiedDependencyException. Message: Error creating bean with name 'webMvcMetricsFilter' defined in class path resource [org/springframework/boot/actuate/autoconfigure/metrics/web/servlet/WebMvcMetricsAutoConfiguration.class]: Unsatisfied dependency expressed through method 'webMvcMetricsFilter' parameter 0; nested exception is org.springframework.beans.factory.BeanCreationException: Error creating bean with name 'simpleMeterRegistry' defined in class path resource [org/springframework/boot/actuate/autoconfigure/metrics/export/simple/SimpleMetricsExportAutoConfiguration.class]: Initialization of bean failed; nested exception is org.springframework.beans.factory.UnsatisfiedDependencyException: Error creating bean with name 'dataSourcePoolMetadataMeterBinder' defined in class path resource [org/springframework/boot/actuate/autoconfigure/metrics/jdbc/DataSourcePoolMetricsAutoConfiguration$DataSourcePoolMetadataMetricsConfiguration.class]: Unsatisfied dependency expressed through method 'dataSourcePoolMetadataMeterBinder' parameter 0; nested exception is org.springframework.beans.factory.BeanCreationException: Error creating bean with name 'dataSource' defined in class path resource [com/alibaba/druid/spring/boot/autoconfigure/DruidDataSourceAutoConfigure.class]: Invocation of init method failed; nested exception is org.springframework.boot.autoconfigure.jdbc.DataSourceProperties$DataSourceBeanCreationException: Failed to determine a suitable driver class
18:00:26.577 [main] ERROR o.s.b.d.LoggingFailureAnalysisReporter - [report,40] - 

***************************
APPLICATION FAILED TO START
***************************

Description:

Failed to configure a DataSource: 'url' attribute is not specified and no embedded datasource could be configured.

Reason: Failed to determine a suitable driver class


Action:

Consider the following:
	If you want an embedded database (H2, HSQL or Derby), please put it on the classpath.
	If you have database settings to be loaded from a particular profile you may need to activate it (the profiles dev are currently active).

18:01:23.951 [main] ERROR c.a.c.n.c.NacosPropertySourceBuilder - [loadNacosData,104] - parse data from Nacos error,dataId:jcm-system-dev.yml,data:spring:
  #knife4j文档需要配置，不配置文档无法正常显示接口
  mvc:
    pathmatch:
      matching-strategy: ant_path_matcher
# spring配置
  redis:
    host: localhost
    port: 6379
  datasource:
    type: com.alibaba.druid.pool.DruidDataSource
    druid:
      url: jdbc:mysql://${MYSQL_HOST:localhost}:${MYSQL_PORT:3306}/${MYSQL_DATABASE:lvshihao}?useUnicode=true&characterEncoding=utf8&zeroDateTimeBehavior=convertToNull&useSSL=false&serverTimezone=GMT%2B8
      username: ${MYSQL_USERNAME:root}
      password: ${MYSQL_PASSWORD:lvshihao}
      driver-class-name: com.mysql.cj.jdbc.Driver
      # 初始化物理链接的个数
      initial-size: 5
      # 最大连接池数量
      max-active: 30
      # 最小 连接池数量
      min-idle: 5
      # 获取连接时最大等待时间，单位毫秒 timeout链接超时
      max-wait: 60000
      # 配置间隔多久才进行一次检测，检测需要关闭的空闲连接，单位是毫秒  检测非核心链接的时间
      #既作为检测的间隔时间又作为testWhileIdel执行的依据
      time-between-eviction-runs-millis: 60000
      # 连接保持空闲而不被驱逐的最小时间
      min-evictable-idle-time-millis: 30000
      # 用来检测连接是否有效的sql，要求是一个查询语句  8小时问题 8个小时没跟mysql通信mysql会主动关闭该链接
      validation-query: SELECT 1 FROM DUAL
      # 建议配置为true，不影响性能，并且保证安全性。申请连接的时候检测，
      # 如果空闲时间大于min-evictable-idle-time-millis，执行validationQuery检测连接是否有效。
      test-while-idle: true
      # 申请连接时执行validationQuery检测连接是否有效，做了这个配置会降低性能。
      test-on-borrow: false
      # 归还连接时执行validationQuery检测连接是否有效，做了这个配置会降低性能。
      test-on-return: false
      # 是否缓存preparedStatement，也就是PSCache。PSCache对支持游标的数据库性能提升巨大，
      # 比如说oracle。在mysql下建议关闭。不是mysql端，链接端，select * from student 查询缓存
      pool-prepared-statements: true
      #调优相关：基本上任何一个项目的性能瓶颈 1.io 2.cpu计算量
      # 配置监控统计拦截的filters，去掉后监控界面sql无法统计
      filter:
        slf4j:
          enabled: true
        stat:
          enabled: true
          merge-sql: true
          slow-sql-millis: 300
        wall:
          enabled: true
      #配置stat-view-servlet
      stat-view-servlet:
        enabled: true
        login-username: admin
        login-password: 123456
        reset-enable: false
      #配置web-stat-filter
      web-stat-filter:
        enabled: true
knife4j:
  enable: true
#mybatis-plus配置
mybatis-plus:
  configuration:
    log-impl: org.apache.ibatis.logging.stdout.StdOutImpl
  global-config:
    db-config:
      logic-delete-field: deleted #默认deleted
      id-type: auto # Set ID type strategy according to your database
      logic-delete-value: 1
      logic-not-delete-value: 0
#mybatis配置
mybatis:
  mapper-locations: classpath:mapper/*.xml
org.yaml.snakeyaml.error.YAMLException: java.nio.charset.MalformedInputException: Input length = 1
	at org.yaml.snakeyaml.reader.StreamReader.update(StreamReader.java:218)
	at org.yaml.snakeyaml.reader.StreamReader.ensureEnoughData(StreamReader.java:176)
	at org.yaml.snakeyaml.reader.StreamReader.ensureEnoughData(StreamReader.java:171)
	at org.yaml.snakeyaml.reader.StreamReader.peek(StreamReader.java:126)
	at org.yaml.snakeyaml.scanner.ScannerImpl.scanToNextToken(ScannerImpl.java:1218)
	at org.yaml.snakeyaml.scanner.ScannerImpl.fetchMoreTokens(ScannerImpl.java:329)
	at org.yaml.snakeyaml.scanner.ScannerImpl.checkToken(ScannerImpl.java:251)
	at org.yaml.snakeyaml.parser.ParserImpl$ParseImplicitDocumentStart.produce(ParserImpl.java:214)
	at org.yaml.snakeyaml.parser.ParserImpl.peekEvent(ParserImpl.java:166)
	at org.yaml.snakeyaml.parser.ParserImpl.checkEvent(ParserImpl.java:156)
	at org.yaml.snakeyaml.composer.Composer.checkNode(Composer.java:93)
	at org.yaml.snakeyaml.constructor.BaseConstructor.checkData(BaseConstructor.java:124)
	at org.yaml.snakeyaml.Yaml$1.hasNext(Yaml.java:509)
	at org.springframework.beans.factory.config.YamlProcessor.process(YamlProcessor.java:199)
	at org.springframework.beans.factory.config.YamlProcessor.process(YamlProcessor.java:166)
	at org.springframework.boot.env.OriginTrackedYamlLoader.load(OriginTrackedYamlLoader.java:88)
	at org.springframework.boot.env.YamlPropertySourceLoader.load(YamlPropertySourceLoader.java:50)
	at com.alibaba.cloud.nacos.parser.NacosDataParserHandler.parseNacosData(NacosDataParserHandler.java:92)
	at com.alibaba.cloud.nacos.client.NacosPropertySourceBuilder.loadNacosData(NacosPropertySourceBuilder.java:97)
	at com.alibaba.cloud.nacos.client.NacosPropertySourceBuilder.build(NacosPropertySourceBuilder.java:73)
	at com.alibaba.cloud.nacos.client.NacosPropertySourceLocator.loadNacosPropertySource(NacosPropertySourceLocator.java:199)
	at com.alibaba.cloud.nacos.client.NacosPropertySourceLocator.loadNacosDataIfPresent(NacosPropertySourceLocator.java:186)
	at com.alibaba.cloud.nacos.client.NacosPropertySourceLocator.loadNacosConfiguration(NacosPropertySourceLocator.java:158)
	at com.alibaba.cloud.nacos.client.NacosPropertySourceLocator.loadSharedConfiguration(NacosPropertySourceLocator.java:116)
	at com.alibaba.cloud.nacos.client.NacosPropertySourceLocator.locate(NacosPropertySourceLocator.java:101)
	at org.springframework.cloud.bootstrap.config.PropertySourceLocator.locateCollection(PropertySourceLocator.java:51)
	at org.springframework.cloud.bootstrap.config.PropertySourceLocator.locateCollection(PropertySourceLocator.java:47)
	at org.springframework.cloud.bootstrap.config.PropertySourceBootstrapConfiguration.doInitialize(PropertySourceBootstrapConfiguration.java:120)
	at org.springframework.cloud.bootstrap.config.PropertySourceBootstrapConfiguration.initialize(PropertySourceBootstrapConfiguration.java:110)
	at org.springframework.boot.SpringApplication.applyInitializers(SpringApplication.java:605)
	at org.springframework.boot.SpringApplication.prepareContext(SpringApplication.java:374)
	at org.springframework.boot.SpringApplication.run(SpringApplication.java:307)
	at org.springframework.boot.SpringApplication.run(SpringApplication.java:1300)
	at org.springframework.boot.SpringApplication.run(SpringApplication.java:1289)
	at com.jcm.system.JcmSystemApplication.main(JcmSystemApplication.java:20)
Caused by: java.nio.charset.MalformedInputException: Input length = 1
	at java.base/java.nio.charset.CoderResult.throwException(CoderResult.java:274)
	at java.base/sun.nio.cs.StreamDecoder.implRead(StreamDecoder.java:339)
	at java.base/sun.nio.cs.StreamDecoder.read(StreamDecoder.java:178)
	at java.base/java.io.InputStreamReader.read(InputStreamReader.java:181)
	at org.yaml.snakeyaml.reader.UnicodeReader.read(UnicodeReader.java:125)
	at org.yaml.snakeyaml.reader.StreamReader.update(StreamReader.java:183)
	... 34 common frames omitted
18:01:24.138 [main] ERROR c.a.c.n.c.NacosPropertySourceBuilder - [loadNacosData,104] - parse data from Nacos error,dataId:jcm-system-dev.yml,data:spring:
  #knife4j文档需要配置，不配置文档无法正常显示接口
  mvc:
    pathmatch:
      matching-strategy: ant_path_matcher
# spring配置
  redis:
    host: localhost
    port: 6379
  datasource:
    type: com.alibaba.druid.pool.DruidDataSource
    druid:
      url: jdbc:mysql://${MYSQL_HOST:localhost}:${MYSQL_PORT:3306}/${MYSQL_DATABASE:lvshihao}?useUnicode=true&characterEncoding=utf8&zeroDateTimeBehavior=convertToNull&useSSL=false&serverTimezone=GMT%2B8
      username: ${MYSQL_USERNAME:root}
      password: ${MYSQL_PASSWORD:lvshihao}
      driver-class-name: com.mysql.cj.jdbc.Driver
      # 初始化物理链接的个数
      initial-size: 5
      # 最大连接池数量
      max-active: 30
      # 最小 连接池数量
      min-idle: 5
      # 获取连接时最大等待时间，单位毫秒 timeout链接超时
      max-wait: 60000
      # 配置间隔多久才进行一次检测，检测需要关闭的空闲连接，单位是毫秒  检测非核心链接的时间
      #既作为检测的间隔时间又作为testWhileIdel执行的依据
      time-between-eviction-runs-millis: 60000
      # 连接保持空闲而不被驱逐的最小时间
      min-evictable-idle-time-millis: 30000
      # 用来检测连接是否有效的sql，要求是一个查询语句  8小时问题 8个小时没跟mysql通信mysql会主动关闭该链接
      validation-query: SELECT 1 FROM DUAL
      # 建议配置为true，不影响性能，并且保证安全性。申请连接的时候检测，
      # 如果空闲时间大于min-evictable-idle-time-millis，执行validationQuery检测连接是否有效。
      test-while-idle: true
      # 申请连接时执行validationQuery检测连接是否有效，做了这个配置会降低性能。
      test-on-borrow: false
      # 归还连接时执行validationQuery检测连接是否有效，做了这个配置会降低性能。
      test-on-return: false
      # 是否缓存preparedStatement，也就是PSCache。PSCache对支持游标的数据库性能提升巨大，
      # 比如说oracle。在mysql下建议关闭。不是mysql端，链接端，select * from student 查询缓存
      pool-prepared-statements: true
      #调优相关：基本上任何一个项目的性能瓶颈 1.io 2.cpu计算量
      # 配置监控统计拦截的filters，去掉后监控界面sql无法统计
      filter:
        slf4j:
          enabled: true
        stat:
          enabled: true
          merge-sql: true
          slow-sql-millis: 300
        wall:
          enabled: true
      #配置stat-view-servlet
      stat-view-servlet:
        enabled: true
        login-username: admin
        login-password: 123456
        reset-enable: false
      #配置web-stat-filter
      web-stat-filter:
        enabled: true
knife4j:
  enable: true
#mybatis-plus配置
mybatis-plus:
  configuration:
    log-impl: org.apache.ibatis.logging.stdout.StdOutImpl
  global-config:
    db-config:
      logic-delete-field: deleted #默认deleted
      id-type: auto # Set ID type strategy according to your database
      logic-delete-value: 1
      logic-not-delete-value: 0
#mybatis配置
mybatis:
  mapper-locations: classpath:mapper/*.xml
org.yaml.snakeyaml.error.YAMLException: java.nio.charset.MalformedInputException: Input length = 1
	at org.yaml.snakeyaml.reader.StreamReader.update(StreamReader.java:218)
	at org.yaml.snakeyaml.reader.StreamReader.ensureEnoughData(StreamReader.java:176)
	at org.yaml.snakeyaml.reader.StreamReader.ensureEnoughData(StreamReader.java:171)
	at org.yaml.snakeyaml.reader.StreamReader.peek(StreamReader.java:126)
	at org.yaml.snakeyaml.scanner.ScannerImpl.scanToNextToken(ScannerImpl.java:1218)
	at org.yaml.snakeyaml.scanner.ScannerImpl.fetchMoreTokens(ScannerImpl.java:329)
	at org.yaml.snakeyaml.scanner.ScannerImpl.checkToken(ScannerImpl.java:251)
	at org.yaml.snakeyaml.parser.ParserImpl$ParseImplicitDocumentStart.produce(ParserImpl.java:214)
	at org.yaml.snakeyaml.parser.ParserImpl.peekEvent(ParserImpl.java:166)
	at org.yaml.snakeyaml.parser.ParserImpl.checkEvent(ParserImpl.java:156)
	at org.yaml.snakeyaml.composer.Composer.checkNode(Composer.java:93)
	at org.yaml.snakeyaml.constructor.BaseConstructor.checkData(BaseConstructor.java:124)
	at org.yaml.snakeyaml.Yaml$1.hasNext(Yaml.java:509)
	at org.springframework.beans.factory.config.YamlProcessor.process(YamlProcessor.java:199)
	at org.springframework.beans.factory.config.YamlProcessor.process(YamlProcessor.java:166)
	at org.springframework.boot.env.OriginTrackedYamlLoader.load(OriginTrackedYamlLoader.java:88)
	at org.springframework.boot.env.YamlPropertySourceLoader.load(YamlPropertySourceLoader.java:50)
	at com.alibaba.cloud.nacos.parser.NacosDataParserHandler.parseNacosData(NacosDataParserHandler.java:92)
	at com.alibaba.cloud.nacos.client.NacosPropertySourceBuilder.loadNacosData(NacosPropertySourceBuilder.java:97)
	at com.alibaba.cloud.nacos.client.NacosPropertySourceBuilder.build(NacosPropertySourceBuilder.java:73)
	at com.alibaba.cloud.nacos.client.NacosPropertySourceLocator.loadNacosPropertySource(NacosPropertySourceLocator.java:199)
	at com.alibaba.cloud.nacos.client.NacosPropertySourceLocator.loadNacosDataIfPresent(NacosPropertySourceLocator.java:186)
	at com.alibaba.cloud.nacos.client.NacosPropertySourceLocator.loadApplicationConfiguration(NacosPropertySourceLocator.java:149)
	at com.alibaba.cloud.nacos.client.NacosPropertySourceLocator.locate(NacosPropertySourceLocator.java:103)
	at org.springframework.cloud.bootstrap.config.PropertySourceLocator.locateCollection(PropertySourceLocator.java:51)
	at org.springframework.cloud.bootstrap.config.PropertySourceLocator.locateCollection(PropertySourceLocator.java:47)
	at org.springframework.cloud.bootstrap.config.PropertySourceBootstrapConfiguration.doInitialize(PropertySourceBootstrapConfiguration.java:120)
	at org.springframework.cloud.bootstrap.config.PropertySourceBootstrapConfiguration.initialize(PropertySourceBootstrapConfiguration.java:110)
	at org.springframework.boot.SpringApplication.applyInitializers(SpringApplication.java:605)
	at org.springframework.boot.SpringApplication.prepareContext(SpringApplication.java:374)
	at org.springframework.boot.SpringApplication.run(SpringApplication.java:307)
	at org.springframework.boot.SpringApplication.run(SpringApplication.java:1300)
	at org.springframework.boot.SpringApplication.run(SpringApplication.java:1289)
	at com.jcm.system.JcmSystemApplication.main(JcmSystemApplication.java:20)
Caused by: java.nio.charset.MalformedInputException: Input length = 1
	at java.base/java.nio.charset.CoderResult.throwException(CoderResult.java:274)
	at java.base/sun.nio.cs.StreamDecoder.implRead(StreamDecoder.java:339)
	at java.base/sun.nio.cs.StreamDecoder.read(StreamDecoder.java:178)
	at java.base/java.io.InputStreamReader.read(InputStreamReader.java:181)
	at org.yaml.snakeyaml.reader.UnicodeReader.read(UnicodeReader.java:125)
	at org.yaml.snakeyaml.reader.StreamReader.update(StreamReader.java:183)
	... 33 common frames omitted
18:01:26.109 [main] ERROR o.s.b.w.e.t.TomcatStarter - [onStartup,61] - Error starting Tomcat context. Exception: org.springframework.beans.factory.UnsatisfiedDependencyException. Message: Error creating bean with name 'webMvcMetricsFilter' defined in class path resource [org/springframework/boot/actuate/autoconfigure/metrics/web/servlet/WebMvcMetricsAutoConfiguration.class]: Unsatisfied dependency expressed through method 'webMvcMetricsFilter' parameter 0; nested exception is org.springframework.beans.factory.BeanCreationException: Error creating bean with name 'simpleMeterRegistry' defined in class path resource [org/springframework/boot/actuate/autoconfigure/metrics/export/simple/SimpleMetricsExportAutoConfiguration.class]: Initialization of bean failed; nested exception is org.springframework.beans.factory.UnsatisfiedDependencyException: Error creating bean with name 'dataSourcePoolMetadataMeterBinder' defined in class path resource [org/springframework/boot/actuate/autoconfigure/metrics/jdbc/DataSourcePoolMetricsAutoConfiguration$DataSourcePoolMetadataMetricsConfiguration.class]: Unsatisfied dependency expressed through method 'dataSourcePoolMetadataMeterBinder' parameter 0; nested exception is org.springframework.beans.factory.BeanCreationException: Error creating bean with name 'dataSource' defined in class path resource [com/alibaba/druid/spring/boot/autoconfigure/DruidDataSourceAutoConfigure.class]: Invocation of init method failed; nested exception is org.springframework.boot.autoconfigure.jdbc.DataSourceProperties$DataSourceBeanCreationException: Failed to determine a suitable driver class
18:01:26.174 [main] ERROR o.s.b.d.LoggingFailureAnalysisReporter - [report,40] - 

***************************
APPLICATION FAILED TO START
***************************

Description:

Failed to configure a DataSource: 'url' attribute is not specified and no embedded datasource could be configured.

Reason: Failed to determine a suitable driver class


Action:

Consider the following:
	If you want an embedded database (H2, HSQL or Derby), please put it on the classpath.
	If you have database settings to be loaded from a particular profile you may need to activate it (the profiles dev are currently active).

18:03:45.136 [main] ERROR c.a.c.n.c.NacosPropertySourceBuilder - [loadNacosData,104] - parse data from Nacos error,dataId:jcm-system-dev.yml,data:spring:
  #knife4j文档需要配置，不配置文档无法正常显示接口
  mvc:
    pathmatch:
      matching-strategy: ant_path_matcher
# spring配置
  redis:
    host: localhost
    port: 6379
  datasource:
    type: com.alibaba.druid.pool.DruidDataSource
    druid:
      url: jdbc:mysql://${MYSQL_HOST:localhost}:${MYSQL_PORT:3306}/${MYSQL_DATABASE:lvshihao}?useUnicode=true&characterEncoding=utf8&zeroDateTimeBehavior=convertToNull&useSSL=false&serverTimezone=GMT%2B8
      username: ${MYSQL_USERNAME:root}
      password: ${MYSQL_PASSWORD:lvshihao}
      driver-class-name: com.mysql.cj.jdbc.Driver
      # 初始化物理链接的个数
      initial-size: 5
      # 最大连接池数量
      max-active: 30
      # 最小 连接池数量
      min-idle: 5
      # 获取连接时最大等待时间，单位毫秒 timeout链接超时
      max-wait: 60000
      # 配置间隔多久才进行一次检测，检测需要关闭的空闲连接，单位是毫秒  检测非核心链接的时间
      #既作为检测的间隔时间又作为testWhileIdel执行的依据
      time-between-eviction-runs-millis: 60000
      # 连接保持空闲而不被驱逐的最小时间
      min-evictable-idle-time-millis: 30000
      # 用来检测连接是否有效的sql，要求是一个查询语句  8小时问题 8个小时没跟mysql通信mysql会主动关闭该链接
      validation-query: SELECT 1 FROM DUAL
      # 建议配置为true，不影响性能，并且保证安全性。申请连接的时候检测，
      # 如果空闲时间大于min-evictable-idle-time-millis，执行validationQuery检测连接是否有效。
      test-while-idle: true
      # 申请连接时执行validationQuery检测连接是否有效，做了这个配置会降低性能。
      test-on-borrow: false
      # 归还连接时执行validationQuery检测连接是否有效，做了这个配置会降低性能。
      test-on-return: false
      # 是否缓存preparedStatement，也就是PSCache。PSCache对支持游标的数据库性能提升巨大，
      # 比如说oracle。在mysql下建议关闭。不是mysql端，链接端，select * from student 查询缓存
      pool-prepared-statements: true
      #调优相关：基本上任何一个项目的性能瓶颈 1.io 2.cpu计算量
      # 配置监控统计拦截的filters，去掉后监控界面sql无法统计
      filter:
        slf4j:
          enabled: true
        stat:
          enabled: true
          merge-sql: true
          slow-sql-millis: 300
        wall:
          enabled: true
      #配置stat-view-servlet
      stat-view-servlet:
        enabled: true
        login-username: admin
        login-password: 123456
        reset-enable: false
      #配置web-stat-filter
      web-stat-filter:
        enabled: true
knife4j:
  enable: true
#mybatis-plus配置
mybatis-plus:
  configuration:
    log-impl: org.apache.ibatis.logging.stdout.StdOutImpl
  global-config:
    db-config:
      logic-delete-field: deleted #默认deleted
      id-type: auto # Set ID type strategy according to your database
      logic-delete-value: 1
      logic-not-delete-value: 0
#mybatis配置
mybatis:
  mapper-locations: classpath:mapper/*.xml
org.yaml.snakeyaml.error.YAMLException: java.nio.charset.MalformedInputException: Input length = 1
	at org.yaml.snakeyaml.reader.StreamReader.update(StreamReader.java:218)
	at org.yaml.snakeyaml.reader.StreamReader.ensureEnoughData(StreamReader.java:176)
	at org.yaml.snakeyaml.reader.StreamReader.ensureEnoughData(StreamReader.java:171)
	at org.yaml.snakeyaml.reader.StreamReader.peek(StreamReader.java:126)
	at org.yaml.snakeyaml.scanner.ScannerImpl.scanToNextToken(ScannerImpl.java:1218)
	at org.yaml.snakeyaml.scanner.ScannerImpl.fetchMoreTokens(ScannerImpl.java:329)
	at org.yaml.snakeyaml.scanner.ScannerImpl.checkToken(ScannerImpl.java:251)
	at org.yaml.snakeyaml.parser.ParserImpl$ParseImplicitDocumentStart.produce(ParserImpl.java:214)
	at org.yaml.snakeyaml.parser.ParserImpl.peekEvent(ParserImpl.java:166)
	at org.yaml.snakeyaml.parser.ParserImpl.checkEvent(ParserImpl.java:156)
	at org.yaml.snakeyaml.composer.Composer.checkNode(Composer.java:93)
	at org.yaml.snakeyaml.constructor.BaseConstructor.checkData(BaseConstructor.java:124)
	at org.yaml.snakeyaml.Yaml$1.hasNext(Yaml.java:509)
	at org.springframework.beans.factory.config.YamlProcessor.process(YamlProcessor.java:199)
	at org.springframework.beans.factory.config.YamlProcessor.process(YamlProcessor.java:166)
	at org.springframework.boot.env.OriginTrackedYamlLoader.load(OriginTrackedYamlLoader.java:88)
	at org.springframework.boot.env.YamlPropertySourceLoader.load(YamlPropertySourceLoader.java:50)
	at com.alibaba.cloud.nacos.parser.NacosDataParserHandler.parseNacosData(NacosDataParserHandler.java:92)
	at com.alibaba.cloud.nacos.client.NacosPropertySourceBuilder.loadNacosData(NacosPropertySourceBuilder.java:97)
	at com.alibaba.cloud.nacos.client.NacosPropertySourceBuilder.build(NacosPropertySourceBuilder.java:73)
	at com.alibaba.cloud.nacos.client.NacosPropertySourceLocator.loadNacosPropertySource(NacosPropertySourceLocator.java:199)
	at com.alibaba.cloud.nacos.client.NacosPropertySourceLocator.loadNacosDataIfPresent(NacosPropertySourceLocator.java:186)
	at com.alibaba.cloud.nacos.client.NacosPropertySourceLocator.loadNacosConfiguration(NacosPropertySourceLocator.java:158)
	at com.alibaba.cloud.nacos.client.NacosPropertySourceLocator.loadSharedConfiguration(NacosPropertySourceLocator.java:116)
	at com.alibaba.cloud.nacos.client.NacosPropertySourceLocator.locate(NacosPropertySourceLocator.java:101)
	at org.springframework.cloud.bootstrap.config.PropertySourceLocator.locateCollection(PropertySourceLocator.java:51)
	at org.springframework.cloud.bootstrap.config.PropertySourceLocator.locateCollection(PropertySourceLocator.java:47)
	at org.springframework.cloud.bootstrap.config.PropertySourceBootstrapConfiguration.doInitialize(PropertySourceBootstrapConfiguration.java:120)
	at org.springframework.cloud.bootstrap.config.PropertySourceBootstrapConfiguration.initialize(PropertySourceBootstrapConfiguration.java:110)
	at org.springframework.boot.SpringApplication.applyInitializers(SpringApplication.java:605)
	at org.springframework.boot.SpringApplication.prepareContext(SpringApplication.java:374)
	at org.springframework.boot.SpringApplication.run(SpringApplication.java:307)
	at org.springframework.boot.SpringApplication.run(SpringApplication.java:1300)
	at org.springframework.boot.SpringApplication.run(SpringApplication.java:1289)
	at com.jcm.system.JcmSystemApplication.main(JcmSystemApplication.java:20)
Caused by: java.nio.charset.MalformedInputException: Input length = 1
	at java.base/java.nio.charset.CoderResult.throwException(CoderResult.java:274)
	at java.base/sun.nio.cs.StreamDecoder.implRead(StreamDecoder.java:339)
	at java.base/sun.nio.cs.StreamDecoder.read(StreamDecoder.java:178)
	at java.base/java.io.InputStreamReader.read(InputStreamReader.java:181)
	at org.yaml.snakeyaml.reader.UnicodeReader.read(UnicodeReader.java:125)
	at org.yaml.snakeyaml.reader.StreamReader.update(StreamReader.java:183)
	... 34 common frames omitted
18:03:45.328 [main] ERROR c.a.c.n.c.NacosPropertySourceBuilder - [loadNacosData,104] - parse data from Nacos error,dataId:jcm-system-dev.yml,data:spring:
  #knife4j文档需要配置，不配置文档无法正常显示接口
  mvc:
    pathmatch:
      matching-strategy: ant_path_matcher
# spring配置
  redis:
    host: localhost
    port: 6379
  datasource:
    type: com.alibaba.druid.pool.DruidDataSource
    druid:
      url: jdbc:mysql://${MYSQL_HOST:localhost}:${MYSQL_PORT:3306}/${MYSQL_DATABASE:lvshihao}?useUnicode=true&characterEncoding=utf8&zeroDateTimeBehavior=convertToNull&useSSL=false&serverTimezone=GMT%2B8
      username: ${MYSQL_USERNAME:root}
      password: ${MYSQL_PASSWORD:lvshihao}
      driver-class-name: com.mysql.cj.jdbc.Driver
      # 初始化物理链接的个数
      initial-size: 5
      # 最大连接池数量
      max-active: 30
      # 最小 连接池数量
      min-idle: 5
      # 获取连接时最大等待时间，单位毫秒 timeout链接超时
      max-wait: 60000
      # 配置间隔多久才进行一次检测，检测需要关闭的空闲连接，单位是毫秒  检测非核心链接的时间
      #既作为检测的间隔时间又作为testWhileIdel执行的依据
      time-between-eviction-runs-millis: 60000
      # 连接保持空闲而不被驱逐的最小时间
      min-evictable-idle-time-millis: 30000
      # 用来检测连接是否有效的sql，要求是一个查询语句  8小时问题 8个小时没跟mysql通信mysql会主动关闭该链接
      validation-query: SELECT 1 FROM DUAL
      # 建议配置为true，不影响性能，并且保证安全性。申请连接的时候检测，
      # 如果空闲时间大于min-evictable-idle-time-millis，执行validationQuery检测连接是否有效。
      test-while-idle: true
      # 申请连接时执行validationQuery检测连接是否有效，做了这个配置会降低性能。
      test-on-borrow: false
      # 归还连接时执行validationQuery检测连接是否有效，做了这个配置会降低性能。
      test-on-return: false
      # 是否缓存preparedStatement，也就是PSCache。PSCache对支持游标的数据库性能提升巨大，
      # 比如说oracle。在mysql下建议关闭。不是mysql端，链接端，select * from student 查询缓存
      pool-prepared-statements: true
      #调优相关：基本上任何一个项目的性能瓶颈 1.io 2.cpu计算量
      # 配置监控统计拦截的filters，去掉后监控界面sql无法统计
      filter:
        slf4j:
          enabled: true
        stat:
          enabled: true
          merge-sql: true
          slow-sql-millis: 300
        wall:
          enabled: true
      #配置stat-view-servlet
      stat-view-servlet:
        enabled: true
        login-username: admin
        login-password: 123456
        reset-enable: false
      #配置web-stat-filter
      web-stat-filter:
        enabled: true
knife4j:
  enable: true
#mybatis-plus配置
mybatis-plus:
  configuration:
    log-impl: org.apache.ibatis.logging.stdout.StdOutImpl
  global-config:
    db-config:
      logic-delete-field: deleted #默认deleted
      id-type: auto # Set ID type strategy according to your database
      logic-delete-value: 1
      logic-not-delete-value: 0
#mybatis配置
mybatis:
  mapper-locations: classpath:mapper/*.xml
org.yaml.snakeyaml.error.YAMLException: java.nio.charset.MalformedInputException: Input length = 1
	at org.yaml.snakeyaml.reader.StreamReader.update(StreamReader.java:218)
	at org.yaml.snakeyaml.reader.StreamReader.ensureEnoughData(StreamReader.java:176)
	at org.yaml.snakeyaml.reader.StreamReader.ensureEnoughData(StreamReader.java:171)
	at org.yaml.snakeyaml.reader.StreamReader.peek(StreamReader.java:126)
	at org.yaml.snakeyaml.scanner.ScannerImpl.scanToNextToken(ScannerImpl.java:1218)
	at org.yaml.snakeyaml.scanner.ScannerImpl.fetchMoreTokens(ScannerImpl.java:329)
	at org.yaml.snakeyaml.scanner.ScannerImpl.checkToken(ScannerImpl.java:251)
	at org.yaml.snakeyaml.parser.ParserImpl$ParseImplicitDocumentStart.produce(ParserImpl.java:214)
	at org.yaml.snakeyaml.parser.ParserImpl.peekEvent(ParserImpl.java:166)
	at org.yaml.snakeyaml.parser.ParserImpl.checkEvent(ParserImpl.java:156)
	at org.yaml.snakeyaml.composer.Composer.checkNode(Composer.java:93)
	at org.yaml.snakeyaml.constructor.BaseConstructor.checkData(BaseConstructor.java:124)
	at org.yaml.snakeyaml.Yaml$1.hasNext(Yaml.java:509)
	at org.springframework.beans.factory.config.YamlProcessor.process(YamlProcessor.java:199)
	at org.springframework.beans.factory.config.YamlProcessor.process(YamlProcessor.java:166)
	at org.springframework.boot.env.OriginTrackedYamlLoader.load(OriginTrackedYamlLoader.java:88)
	at org.springframework.boot.env.YamlPropertySourceLoader.load(YamlPropertySourceLoader.java:50)
	at com.alibaba.cloud.nacos.parser.NacosDataParserHandler.parseNacosData(NacosDataParserHandler.java:92)
	at com.alibaba.cloud.nacos.client.NacosPropertySourceBuilder.loadNacosData(NacosPropertySourceBuilder.java:97)
	at com.alibaba.cloud.nacos.client.NacosPropertySourceBuilder.build(NacosPropertySourceBuilder.java:73)
	at com.alibaba.cloud.nacos.client.NacosPropertySourceLocator.loadNacosPropertySource(NacosPropertySourceLocator.java:199)
	at com.alibaba.cloud.nacos.client.NacosPropertySourceLocator.loadNacosDataIfPresent(NacosPropertySourceLocator.java:186)
	at com.alibaba.cloud.nacos.client.NacosPropertySourceLocator.loadApplicationConfiguration(NacosPropertySourceLocator.java:149)
	at com.alibaba.cloud.nacos.client.NacosPropertySourceLocator.locate(NacosPropertySourceLocator.java:103)
	at org.springframework.cloud.bootstrap.config.PropertySourceLocator.locateCollection(PropertySourceLocator.java:51)
	at org.springframework.cloud.bootstrap.config.PropertySourceLocator.locateCollection(PropertySourceLocator.java:47)
	at org.springframework.cloud.bootstrap.config.PropertySourceBootstrapConfiguration.doInitialize(PropertySourceBootstrapConfiguration.java:120)
	at org.springframework.cloud.bootstrap.config.PropertySourceBootstrapConfiguration.initialize(PropertySourceBootstrapConfiguration.java:110)
	at org.springframework.boot.SpringApplication.applyInitializers(SpringApplication.java:605)
	at org.springframework.boot.SpringApplication.prepareContext(SpringApplication.java:374)
	at org.springframework.boot.SpringApplication.run(SpringApplication.java:307)
	at org.springframework.boot.SpringApplication.run(SpringApplication.java:1300)
	at org.springframework.boot.SpringApplication.run(SpringApplication.java:1289)
	at com.jcm.system.JcmSystemApplication.main(JcmSystemApplication.java:20)
Caused by: java.nio.charset.MalformedInputException: Input length = 1
	at java.base/java.nio.charset.CoderResult.throwException(CoderResult.java:274)
	at java.base/sun.nio.cs.StreamDecoder.implRead(StreamDecoder.java:339)
	at java.base/sun.nio.cs.StreamDecoder.read(StreamDecoder.java:178)
	at java.base/java.io.InputStreamReader.read(InputStreamReader.java:181)
	at org.yaml.snakeyaml.reader.UnicodeReader.read(UnicodeReader.java:125)
	at org.yaml.snakeyaml.reader.StreamReader.update(StreamReader.java:183)
	... 33 common frames omitted
18:03:47.860 [main] ERROR o.s.b.w.e.t.TomcatStarter - [onStartup,61] - Error starting Tomcat context. Exception: org.springframework.beans.factory.UnsatisfiedDependencyException. Message: Error creating bean with name 'webMvcMetricsFilter' defined in class path resource [org/springframework/boot/actuate/autoconfigure/metrics/web/servlet/WebMvcMetricsAutoConfiguration.class]: Unsatisfied dependency expressed through method 'webMvcMetricsFilter' parameter 0; nested exception is org.springframework.beans.factory.BeanCreationException: Error creating bean with name 'simpleMeterRegistry' defined in class path resource [org/springframework/boot/actuate/autoconfigure/metrics/export/simple/SimpleMetricsExportAutoConfiguration.class]: Initialization of bean failed; nested exception is org.springframework.beans.factory.UnsatisfiedDependencyException: Error creating bean with name 'dataSourcePoolMetadataMeterBinder' defined in class path resource [org/springframework/boot/actuate/autoconfigure/metrics/jdbc/DataSourcePoolMetricsAutoConfiguration$DataSourcePoolMetadataMetricsConfiguration.class]: Unsatisfied dependency expressed through method 'dataSourcePoolMetadataMeterBinder' parameter 0; nested exception is org.springframework.beans.factory.BeanCreationException: Error creating bean with name 'dataSource' defined in class path resource [com/alibaba/druid/spring/boot/autoconfigure/DruidDataSourceAutoConfigure.class]: Invocation of init method failed; nested exception is org.springframework.boot.autoconfigure.jdbc.DataSourceProperties$DataSourceBeanCreationException: Failed to determine a suitable driver class
18:03:47.914 [main] ERROR o.s.b.d.LoggingFailureAnalysisReporter - [report,40] - 

***************************
APPLICATION FAILED TO START
***************************

Description:

Failed to configure a DataSource: 'url' attribute is not specified and no embedded datasource could be configured.

Reason: Failed to determine a suitable driver class


Action:

Consider the following:
	If you want an embedded database (H2, HSQL or Derby), please put it on the classpath.
	If you have database settings to be loaded from a particular profile you may need to activate it (the profiles dev are currently active).

18:07:46.997 [main] ERROR c.a.c.n.c.NacosPropertySourceBuilder - [loadNacosData,104] - parse data from Nacos error,dataId:jcm-system-dev.yml,data:spring:
  #knife4j文档需要配置，不配置文档无法正常显示接口
  mvc:
    pathmatch:
      matching-strategy: ant_path_matcher
# spring配置
  redis:
    host: localhost
    port: 6379
  datasource:
    type: com.alibaba.druid.pool.DruidDataSource
    druid:
      url: jdbc:mysql://${MYSQL_HOST:localhost}:${MYSQL_PORT:3306}/${MYSQL_DATABASE:lvshihao}?useUnicode=true&characterEncoding=utf8&zeroDateTimeBehavior=convertToNull&useSSL=false&serverTimezone=GMT%2B8
      username: ${MYSQL_USERNAME:root}
      password: ${MYSQL_PASSWORD:lvshihao}
      driver-class-name: com.mysql.cj.jdbc.Driver
      # 初始化物理链接的个数
      initial-size: 5
      # 最大连接池数量
      max-active: 30
      # 最小 连接池数量
      min-idle: 5
      # 获取连接时最大等待时间，单位毫秒 timeout链接超时
      max-wait: 60000
      # 配置间隔多久才进行一次检测，检测需要关闭的空闲连接，单位是毫秒  检测非核心链接的时间
      #既作为检测的间隔时间又作为testWhileIdel执行的依据
      time-between-eviction-runs-millis: 60000
      # 连接保持空闲而不被驱逐的最小时间
      min-evictable-idle-time-millis: 30000
      # 用来检测连接是否有效的sql，要求是一个查询语句  8小时问题 8个小时没跟mysql通信mysql会主动关闭该链接
      validation-query: SELECT 1 FROM DUAL
      # 建议配置为true，不影响性能，并且保证安全性。申请连接的时候检测，
      # 如果空闲时间大于min-evictable-idle-time-millis，执行validationQuery检测连接是否有效。
      test-while-idle: true
      # 申请连接时执行validationQuery检测连接是否有效，做了这个配置会降低性能。
      test-on-borrow: false
      # 归还连接时执行validationQuery检测连接是否有效，做了这个配置会降低性能。
      test-on-return: false
      # 是否缓存preparedStatement，也就是PSCache。PSCache对支持游标的数据库性能提升巨大，
      # 比如说oracle。在mysql下建议关闭。不是mysql端，链接端，select * from student 查询缓存
      pool-prepared-statements: true
      #调优相关：基本上任何一个项目的性能瓶颈 1.io 2.cpu计算量
      # 配置监控统计拦截的filters，去掉后监控界面sql无法统计
      filter:
        slf4j:
          enabled: true
        stat:
          enabled: true
          merge-sql: true
          slow-sql-millis: 300
        wall:
          enabled: true
      #配置stat-view-servlet
      stat-view-servlet:
        enabled: true
        login-username: admin
        login-password: 123456
        reset-enable: false
      #配置web-stat-filter
      web-stat-filter:
        enabled: true
knife4j:
  enable: true
#mybatis-plus配置
mybatis-plus:
  configuration:
    log-impl: org.apache.ibatis.logging.stdout.StdOutImpl
  global-config:
    db-config:
      logic-delete-field: deleted #默认deleted
      id-type: auto # Set ID type strategy according to your database
      logic-delete-value: 1
      logic-not-delete-value: 0
#mybatis配置
mybatis:
  mapper-locations: classpath:mapper/*.xml
org.yaml.snakeyaml.error.YAMLException: java.nio.charset.MalformedInputException: Input length = 1
	at org.yaml.snakeyaml.reader.StreamReader.update(StreamReader.java:218)
	at org.yaml.snakeyaml.reader.StreamReader.ensureEnoughData(StreamReader.java:176)
	at org.yaml.snakeyaml.reader.StreamReader.ensureEnoughData(StreamReader.java:171)
	at org.yaml.snakeyaml.reader.StreamReader.peek(StreamReader.java:126)
	at org.yaml.snakeyaml.scanner.ScannerImpl.scanToNextToken(ScannerImpl.java:1218)
	at org.yaml.snakeyaml.scanner.ScannerImpl.fetchMoreTokens(ScannerImpl.java:329)
	at org.yaml.snakeyaml.scanner.ScannerImpl.checkToken(ScannerImpl.java:251)
	at org.yaml.snakeyaml.parser.ParserImpl$ParseImplicitDocumentStart.produce(ParserImpl.java:214)
	at org.yaml.snakeyaml.parser.ParserImpl.peekEvent(ParserImpl.java:166)
	at org.yaml.snakeyaml.parser.ParserImpl.checkEvent(ParserImpl.java:156)
	at org.yaml.snakeyaml.composer.Composer.checkNode(Composer.java:93)
	at org.yaml.snakeyaml.constructor.BaseConstructor.checkData(BaseConstructor.java:124)
	at org.yaml.snakeyaml.Yaml$1.hasNext(Yaml.java:509)
	at org.springframework.beans.factory.config.YamlProcessor.process(YamlProcessor.java:199)
	at org.springframework.beans.factory.config.YamlProcessor.process(YamlProcessor.java:166)
	at org.springframework.boot.env.OriginTrackedYamlLoader.load(OriginTrackedYamlLoader.java:88)
	at org.springframework.boot.env.YamlPropertySourceLoader.load(YamlPropertySourceLoader.java:50)
	at com.alibaba.cloud.nacos.parser.NacosDataParserHandler.parseNacosData(NacosDataParserHandler.java:92)
	at com.alibaba.cloud.nacos.client.NacosPropertySourceBuilder.loadNacosData(NacosPropertySourceBuilder.java:97)
	at com.alibaba.cloud.nacos.client.NacosPropertySourceBuilder.build(NacosPropertySourceBuilder.java:73)
	at com.alibaba.cloud.nacos.client.NacosPropertySourceLocator.loadNacosPropertySource(NacosPropertySourceLocator.java:199)
	at com.alibaba.cloud.nacos.client.NacosPropertySourceLocator.loadNacosDataIfPresent(NacosPropertySourceLocator.java:186)
	at com.alibaba.cloud.nacos.client.NacosPropertySourceLocator.loadNacosConfiguration(NacosPropertySourceLocator.java:158)
	at com.alibaba.cloud.nacos.client.NacosPropertySourceLocator.loadSharedConfiguration(NacosPropertySourceLocator.java:116)
	at com.alibaba.cloud.nacos.client.NacosPropertySourceLocator.locate(NacosPropertySourceLocator.java:101)
	at org.springframework.cloud.bootstrap.config.PropertySourceLocator.locateCollection(PropertySourceLocator.java:51)
	at org.springframework.cloud.bootstrap.config.PropertySourceLocator.locateCollection(PropertySourceLocator.java:47)
	at org.springframework.cloud.bootstrap.config.PropertySourceBootstrapConfiguration.doInitialize(PropertySourceBootstrapConfiguration.java:120)
	at org.springframework.cloud.bootstrap.config.PropertySourceBootstrapConfiguration.initialize(PropertySourceBootstrapConfiguration.java:110)
	at org.springframework.boot.SpringApplication.applyInitializers(SpringApplication.java:605)
	at org.springframework.boot.SpringApplication.prepareContext(SpringApplication.java:374)
	at org.springframework.boot.SpringApplication.run(SpringApplication.java:307)
	at org.springframework.boot.SpringApplication.run(SpringApplication.java:1300)
	at org.springframework.boot.SpringApplication.run(SpringApplication.java:1289)
	at com.jcm.system.JcmSystemApplication.main(JcmSystemApplication.java:20)
Caused by: java.nio.charset.MalformedInputException: Input length = 1
	at java.base/java.nio.charset.CoderResult.throwException(CoderResult.java:274)
	at java.base/sun.nio.cs.StreamDecoder.implRead(StreamDecoder.java:339)
	at java.base/sun.nio.cs.StreamDecoder.read(StreamDecoder.java:178)
	at java.base/java.io.InputStreamReader.read(InputStreamReader.java:181)
	at org.yaml.snakeyaml.reader.UnicodeReader.read(UnicodeReader.java:125)
	at org.yaml.snakeyaml.reader.StreamReader.update(StreamReader.java:183)
	... 34 common frames omitted
18:07:47.183 [main] ERROR c.a.c.n.c.NacosPropertySourceBuilder - [loadNacosData,104] - parse data from Nacos error,dataId:jcm-system-dev.yml,data:spring:
  #knife4j文档需要配置，不配置文档无法正常显示接口
  mvc:
    pathmatch:
      matching-strategy: ant_path_matcher
# spring配置
  redis:
    host: localhost
    port: 6379
  datasource:
    type: com.alibaba.druid.pool.DruidDataSource
    druid:
      url: jdbc:mysql://${MYSQL_HOST:localhost}:${MYSQL_PORT:3306}/${MYSQL_DATABASE:lvshihao}?useUnicode=true&characterEncoding=utf8&zeroDateTimeBehavior=convertToNull&useSSL=false&serverTimezone=GMT%2B8
      username: ${MYSQL_USERNAME:root}
      password: ${MYSQL_PASSWORD:lvshihao}
      driver-class-name: com.mysql.cj.jdbc.Driver
      # 初始化物理链接的个数
      initial-size: 5
      # 最大连接池数量
      max-active: 30
      # 最小 连接池数量
      min-idle: 5
      # 获取连接时最大等待时间，单位毫秒 timeout链接超时
      max-wait: 60000
      # 配置间隔多久才进行一次检测，检测需要关闭的空闲连接，单位是毫秒  检测非核心链接的时间
      #既作为检测的间隔时间又作为testWhileIdel执行的依据
      time-between-eviction-runs-millis: 60000
      # 连接保持空闲而不被驱逐的最小时间
      min-evictable-idle-time-millis: 30000
      # 用来检测连接是否有效的sql，要求是一个查询语句  8小时问题 8个小时没跟mysql通信mysql会主动关闭该链接
      validation-query: SELECT 1 FROM DUAL
      # 建议配置为true，不影响性能，并且保证安全性。申请连接的时候检测，
      # 如果空闲时间大于min-evictable-idle-time-millis，执行validationQuery检测连接是否有效。
      test-while-idle: true
      # 申请连接时执行validationQuery检测连接是否有效，做了这个配置会降低性能。
      test-on-borrow: false
      # 归还连接时执行validationQuery检测连接是否有效，做了这个配置会降低性能。
      test-on-return: false
      # 是否缓存preparedStatement，也就是PSCache。PSCache对支持游标的数据库性能提升巨大，
      # 比如说oracle。在mysql下建议关闭。不是mysql端，链接端，select * from student 查询缓存
      pool-prepared-statements: true
      #调优相关：基本上任何一个项目的性能瓶颈 1.io 2.cpu计算量
      # 配置监控统计拦截的filters，去掉后监控界面sql无法统计
      filter:
        slf4j:
          enabled: true
        stat:
          enabled: true
          merge-sql: true
          slow-sql-millis: 300
        wall:
          enabled: true
      #配置stat-view-servlet
      stat-view-servlet:
        enabled: true
        login-username: admin
        login-password: 123456
        reset-enable: false
      #配置web-stat-filter
      web-stat-filter:
        enabled: true
knife4j:
  enable: true
#mybatis-plus配置
mybatis-plus:
  configuration:
    log-impl: org.apache.ibatis.logging.stdout.StdOutImpl
  global-config:
    db-config:
      logic-delete-field: deleted #默认deleted
      id-type: auto # Set ID type strategy according to your database
      logic-delete-value: 1
      logic-not-delete-value: 0
#mybatis配置
mybatis:
  mapper-locations: classpath:mapper/*.xml
org.yaml.snakeyaml.error.YAMLException: java.nio.charset.MalformedInputException: Input length = 1
	at org.yaml.snakeyaml.reader.StreamReader.update(StreamReader.java:218)
	at org.yaml.snakeyaml.reader.StreamReader.ensureEnoughData(StreamReader.java:176)
	at org.yaml.snakeyaml.reader.StreamReader.ensureEnoughData(StreamReader.java:171)
	at org.yaml.snakeyaml.reader.StreamReader.peek(StreamReader.java:126)
	at org.yaml.snakeyaml.scanner.ScannerImpl.scanToNextToken(ScannerImpl.java:1218)
	at org.yaml.snakeyaml.scanner.ScannerImpl.fetchMoreTokens(ScannerImpl.java:329)
	at org.yaml.snakeyaml.scanner.ScannerImpl.checkToken(ScannerImpl.java:251)
	at org.yaml.snakeyaml.parser.ParserImpl$ParseImplicitDocumentStart.produce(ParserImpl.java:214)
	at org.yaml.snakeyaml.parser.ParserImpl.peekEvent(ParserImpl.java:166)
	at org.yaml.snakeyaml.parser.ParserImpl.checkEvent(ParserImpl.java:156)
	at org.yaml.snakeyaml.composer.Composer.checkNode(Composer.java:93)
	at org.yaml.snakeyaml.constructor.BaseConstructor.checkData(BaseConstructor.java:124)
	at org.yaml.snakeyaml.Yaml$1.hasNext(Yaml.java:509)
	at org.springframework.beans.factory.config.YamlProcessor.process(YamlProcessor.java:199)
	at org.springframework.beans.factory.config.YamlProcessor.process(YamlProcessor.java:166)
	at org.springframework.boot.env.OriginTrackedYamlLoader.load(OriginTrackedYamlLoader.java:88)
	at org.springframework.boot.env.YamlPropertySourceLoader.load(YamlPropertySourceLoader.java:50)
	at com.alibaba.cloud.nacos.parser.NacosDataParserHandler.parseNacosData(NacosDataParserHandler.java:92)
	at com.alibaba.cloud.nacos.client.NacosPropertySourceBuilder.loadNacosData(NacosPropertySourceBuilder.java:97)
	at com.alibaba.cloud.nacos.client.NacosPropertySourceBuilder.build(NacosPropertySourceBuilder.java:73)
	at com.alibaba.cloud.nacos.client.NacosPropertySourceLocator.loadNacosPropertySource(NacosPropertySourceLocator.java:199)
	at com.alibaba.cloud.nacos.client.NacosPropertySourceLocator.loadNacosDataIfPresent(NacosPropertySourceLocator.java:186)
	at com.alibaba.cloud.nacos.client.NacosPropertySourceLocator.loadApplicationConfiguration(NacosPropertySourceLocator.java:149)
	at com.alibaba.cloud.nacos.client.NacosPropertySourceLocator.locate(NacosPropertySourceLocator.java:103)
	at org.springframework.cloud.bootstrap.config.PropertySourceLocator.locateCollection(PropertySourceLocator.java:51)
	at org.springframework.cloud.bootstrap.config.PropertySourceLocator.locateCollection(PropertySourceLocator.java:47)
	at org.springframework.cloud.bootstrap.config.PropertySourceBootstrapConfiguration.doInitialize(PropertySourceBootstrapConfiguration.java:120)
	at org.springframework.cloud.bootstrap.config.PropertySourceBootstrapConfiguration.initialize(PropertySourceBootstrapConfiguration.java:110)
	at org.springframework.boot.SpringApplication.applyInitializers(SpringApplication.java:605)
	at org.springframework.boot.SpringApplication.prepareContext(SpringApplication.java:374)
	at org.springframework.boot.SpringApplication.run(SpringApplication.java:307)
	at org.springframework.boot.SpringApplication.run(SpringApplication.java:1300)
	at org.springframework.boot.SpringApplication.run(SpringApplication.java:1289)
	at com.jcm.system.JcmSystemApplication.main(JcmSystemApplication.java:20)
Caused by: java.nio.charset.MalformedInputException: Input length = 1
	at java.base/java.nio.charset.CoderResult.throwException(CoderResult.java:274)
	at java.base/sun.nio.cs.StreamDecoder.implRead(StreamDecoder.java:339)
	at java.base/sun.nio.cs.StreamDecoder.read(StreamDecoder.java:178)
	at java.base/java.io.InputStreamReader.read(InputStreamReader.java:181)
	at org.yaml.snakeyaml.reader.UnicodeReader.read(UnicodeReader.java:125)
	at org.yaml.snakeyaml.reader.StreamReader.update(StreamReader.java:183)
	... 33 common frames omitted
18:07:49.547 [main] ERROR o.s.b.w.e.t.TomcatStarter - [onStartup,61] - Error starting Tomcat context. Exception: org.springframework.beans.factory.UnsatisfiedDependencyException. Message: Error creating bean with name 'webMvcMetricsFilter' defined in class path resource [org/springframework/boot/actuate/autoconfigure/metrics/web/servlet/WebMvcMetricsAutoConfiguration.class]: Unsatisfied dependency expressed through method 'webMvcMetricsFilter' parameter 0; nested exception is org.springframework.beans.factory.BeanCreationException: Error creating bean with name 'simpleMeterRegistry' defined in class path resource [org/springframework/boot/actuate/autoconfigure/metrics/export/simple/SimpleMetricsExportAutoConfiguration.class]: Initialization of bean failed; nested exception is org.springframework.beans.factory.UnsatisfiedDependencyException: Error creating bean with name 'dataSourcePoolMetadataMeterBinder' defined in class path resource [org/springframework/boot/actuate/autoconfigure/metrics/jdbc/DataSourcePoolMetricsAutoConfiguration$DataSourcePoolMetadataMetricsConfiguration.class]: Unsatisfied dependency expressed through method 'dataSourcePoolMetadataMeterBinder' parameter 0; nested exception is org.springframework.beans.factory.BeanCreationException: Error creating bean with name 'dataSource' defined in class path resource [com/alibaba/druid/spring/boot/autoconfigure/DruidDataSourceAutoConfigure.class]: Invocation of init method failed; nested exception is org.springframework.boot.autoconfigure.jdbc.DataSourceProperties$DataSourceBeanCreationException: Failed to determine a suitable driver class
18:07:49.603 [main] ERROR o.s.b.d.LoggingFailureAnalysisReporter - [report,40] - 

***************************
APPLICATION FAILED TO START
***************************

Description:

Failed to configure a DataSource: 'url' attribute is not specified and no embedded datasource could be configured.

Reason: Failed to determine a suitable driver class


Action:

Consider the following:
	If you want an embedded database (H2, HSQL or Derby), please put it on the classpath.
	If you have database settings to be loaded from a particular profile you may need to activate it (the profiles dev are currently active).

18:30:07.922 [http-nio-9201-exec-1] ERROR c.j.c.s.h.GlobalExceptionHandler - [handleRuntimeException,106] - 璇锋板'/dict-data/',ュ甯.
org.springframework.jdbc.UncategorizedSQLException: 
### Error updating database.  Cause: java.sql.SQLException: sql injection violation, syntax error: EOF : DELETE FROM sys_dict_data WHERE
        dict_data_id IN
### The error may exist in file [D:\lvshihao\Jcm\jcm-modules\jcm-system\target\classes\mapper\SysDictDataMapper.xml]
### The error may involve com.jcm.system.mapper.SysDictDataMapper.deleteByIds
### The error occurred while executing an update
### SQL: DELETE FROM sys_dict_data WHERE         dict_data_id IN
### Cause: java.sql.SQLException: sql injection violation, syntax error: EOF : DELETE FROM sys_dict_data WHERE
        dict_data_id IN
; uncategorized SQLException; SQL state [null]; error code [0]; sql injection violation, syntax error: EOF : DELETE FROM sys_dict_data WHERE
        dict_data_id IN; nested exception is java.sql.SQLException: sql injection violation, syntax error: EOF : DELETE FROM sys_dict_data WHERE
        dict_data_id IN
	at org.mybatis.spring.MyBatisExceptionTranslator.translateExceptionIfPossible(MyBatisExceptionTranslator.java:93)
	at org.mybatis.spring.SqlSessionTemplate$SqlSessionInterceptor.invoke(SqlSessionTemplate.java:439)
	at com.sun.proxy.$Proxy157.delete(Unknown Source)
	at org.mybatis.spring.SqlSessionTemplate.delete(SqlSessionTemplate.java:304)
	at com.baomidou.mybatisplus.core.override.MybatisMapperMethod.execute(MybatisMapperMethod.java:69)
	at com.baomidou.mybatisplus.core.override.MybatisMapperProxy$PlainMethodInvoker.invoke(MybatisMapperProxy.java:152)
	at com.baomidou.mybatisplus.core.override.MybatisMapperProxy.invoke(MybatisMapperProxy.java:89)
	at com.sun.proxy.$Proxy158.deleteByIds(Unknown Source)
	at com.jcm.system.service.impl.SysDictDataServiceImpl.deleteDictData(SysDictDataServiceImpl.java:40)
	at com.jcm.system.service.impl.SysDictDataServiceImpl$$FastClassBySpringCGLIB$$62c35165.invoke(<generated>)
	at org.springframework.cglib.proxy.MethodProxy.invoke(MethodProxy.java:218)
	at org.springframework.aop.framework.CglibAopProxy.invokeMethod(CglibAopProxy.java:386)
	at org.springframework.aop.framework.CglibAopProxy.access$000(CglibAopProxy.java:85)
	at org.springframework.aop.framework.CglibAopProxy$DynamicAdvisedInterceptor.intercept(CglibAopProxy.java:703)
	at com.jcm.system.service.impl.SysDictDataServiceImpl$$EnhancerBySpringCGLIB$$168269fc.deleteDictData(<generated>)
	at com.jcm.system.controller.SysDictDataController.delete(SysDictDataController.java:62)
	at com.jcm.system.controller.SysDictDataController$$FastClassBySpringCGLIB$$248c6e4f.invoke(<generated>)
	at org.springframework.cglib.proxy.MethodProxy.invoke(MethodProxy.java:218)
	at org.springframework.aop.framework.CglibAopProxy$CglibMethodInvocation.invokeJoinpoint(CglibAopProxy.java:792)
	at org.springframework.aop.framework.ReflectiveMethodInvocation.proceed(ReflectiveMethodInvocation.java:163)
	at org.springframework.aop.framework.CglibAopProxy$CglibMethodInvocation.proceed(CglibAopProxy.java:762)
	at org.springframework.aop.aspectj.MethodInvocationProceedingJoinPoint.proceed(MethodInvocationProceedingJoinPoint.java:89)
	at com.jcm.common.security.aspect.PrintParamsAspect.printParams(PrintParamsAspect.java:50)
	at jdk.internal.reflect.GeneratedMethodAccessor150.invoke(Unknown Source)
	at java.base/jdk.internal.reflect.DelegatingMethodAccessorImpl.invoke(DelegatingMethodAccessorImpl.java:43)
	at java.base/java.lang.reflect.Method.invoke(Method.java:566)
	at org.springframework.aop.aspectj.AbstractAspectJAdvice.invokeAdviceMethodWithGivenArgs(AbstractAspectJAdvice.java:634)
	at org.springframework.aop.aspectj.AbstractAspectJAdvice.invokeAdviceMethod(AbstractAspectJAdvice.java:624)
	at org.springframework.aop.aspectj.AspectJAroundAdvice.invoke(AspectJAroundAdvice.java:72)
	at org.springframework.aop.framework.ReflectiveMethodInvocation.proceed(ReflectiveMethodInvocation.java:175)
	at org.springframework.aop.framework.CglibAopProxy$CglibMethodInvocation.proceed(CglibAopProxy.java:762)
	at org.springframework.aop.aspectj.MethodInvocationProceedingJoinPoint.proceed(MethodInvocationProceedingJoinPoint.java:89)
	at com.jcm.common.security.aspect.PreAuthorizeAspect.around(PreAuthorizeAspect.java:62)
	at jdk.internal.reflect.GeneratedMethodAccessor176.invoke(Unknown Source)
	at java.base/jdk.internal.reflect.DelegatingMethodAccessorImpl.invoke(DelegatingMethodAccessorImpl.java:43)
	at java.base/java.lang.reflect.Method.invoke(Method.java:566)
	at org.springframework.aop.aspectj.AbstractAspectJAdvice.invokeAdviceMethodWithGivenArgs(AbstractAspectJAdvice.java:634)
	at org.springframework.aop.aspectj.AbstractAspectJAdvice.invokeAdviceMethod(AbstractAspectJAdvice.java:624)
	at org.springframework.aop.aspectj.AspectJAroundAdvice.invoke(AspectJAroundAdvice.java:72)
	at org.springframework.aop.framework.ReflectiveMethodInvocation.proceed(ReflectiveMethodInvocation.java:175)
	at org.springframework.aop.framework.CglibAopProxy$CglibMethodInvocation.proceed(CglibAopProxy.java:762)
	at org.springframework.aop.aspectj.AspectJAfterThrowingAdvice.invoke(AspectJAfterThrowingAdvice.java:64)
	at org.springframework.aop.framework.ReflectiveMethodInvocation.proceed(ReflectiveMethodInvocation.java:175)
	at org.springframework.aop.framework.CglibAopProxy$CglibMethodInvocation.proceed(CglibAopProxy.java:762)
	at org.springframework.aop.framework.adapter.AfterReturningAdviceInterceptor.invoke(AfterReturningAdviceInterceptor.java:57)
	at org.springframework.aop.framework.ReflectiveMethodInvocation.proceed(ReflectiveMethodInvocation.java:175)
	at org.springframework.aop.framework.CglibAopProxy$CglibMethodInvocation.proceed(CglibAopProxy.java:762)
	at org.springframework.aop.framework.adapter.MethodBeforeAdviceInterceptor.invoke(MethodBeforeAdviceInterceptor.java:58)
	at org.springframework.aop.framework.ReflectiveMethodInvocation.proceed(ReflectiveMethodInvocation.java:175)
	at org.springframework.aop.framework.CglibAopProxy$CglibMethodInvocation.proceed(CglibAopProxy.java:762)
	at org.springframework.aop.interceptor.ExposeInvocationInterceptor.invoke(ExposeInvocationInterceptor.java:97)
	at org.springframework.aop.framework.ReflectiveMethodInvocation.proceed(ReflectiveMethodInvocation.java:186)
	at org.springframework.aop.framework.CglibAopProxy$CglibMethodInvocation.proceed(CglibAopProxy.java:762)
	at org.springframework.aop.framework.CglibAopProxy$DynamicAdvisedInterceptor.intercept(CglibAopProxy.java:707)
	at com.jcm.system.controller.SysDictDataController$$EnhancerBySpringCGLIB$$a1751f5a.delete(<generated>)
	at java.base/jdk.internal.reflect.NativeMethodAccessorImpl.invoke0(Native Method)
	at java.base/jdk.internal.reflect.NativeMethodAccessorImpl.invoke(NativeMethodAccessorImpl.java:62)
	at java.base/jdk.internal.reflect.DelegatingMethodAccessorImpl.invoke(DelegatingMethodAccessorImpl.java:43)
	at java.base/java.lang.reflect.Method.invoke(Method.java:566)
	at org.springframework.web.method.support.InvocableHandlerMethod.doInvoke(InvocableHandlerMethod.java:205)
	at org.springframework.web.method.support.InvocableHandlerMethod.invokeForRequest(InvocableHandlerMethod.java:150)
	at org.springframework.web.servlet.mvc.method.annotation.ServletInvocableHandlerMethod.invokeAndHandle(ServletInvocableHandlerMethod.java:117)
	at org.springframework.web.servlet.mvc.method.annotation.RequestMappingHandlerAdapter.invokeHandlerMethod(RequestMappingHandlerAdapter.java:895)
	at org.springframework.web.servlet.mvc.method.annotation.RequestMappingHandlerAdapter.handleInternal(RequestMappingHandlerAdapter.java:808)
	at org.springframework.web.servlet.mvc.method.AbstractHandlerMethodAdapter.handle(AbstractHandlerMethodAdapter.java:87)
	at org.springframework.web.servlet.DispatcherServlet.doDispatch(DispatcherServlet.java:1072)
	at org.springframework.web.servlet.DispatcherServlet.doService(DispatcherServlet.java:965)
	at org.springframework.web.servlet.FrameworkServlet.processRequest(FrameworkServlet.java:1006)
	at org.springframework.web.servlet.FrameworkServlet.doDelete(FrameworkServlet.java:931)
	at javax.servlet.http.HttpServlet.service(HttpServlet.java:561)
	at org.springframework.web.servlet.FrameworkServlet.service(FrameworkServlet.java:883)
	at javax.servlet.http.HttpServlet.service(HttpServlet.java:623)
	at org.apache.catalina.core.ApplicationFilterChain.internalDoFilter(ApplicationFilterChain.java:209)
	at org.apache.catalina.core.ApplicationFilterChain.doFilter(ApplicationFilterChain.java:153)
	at org.apache.tomcat.websocket.server.WsFilter.doFilter(WsFilter.java:51)
	at org.apache.catalina.core.ApplicationFilterChain.internalDoFilter(ApplicationFilterChain.java:178)
	at org.apache.catalina.core.ApplicationFilterChain.doFilter(ApplicationFilterChain.java:153)
	at com.alibaba.druid.support.http.WebStatFilter.doFilter(WebStatFilter.java:124)
	at org.apache.catalina.core.ApplicationFilterChain.internalDoFilter(ApplicationFilterChain.java:178)
	at org.apache.catalina.core.ApplicationFilterChain.doFilter(ApplicationFilterChain.java:153)
	at org.springframework.web.filter.RequestContextFilter.doFilterInternal(RequestContextFilter.java:100)
	at org.springframework.web.filter.OncePerRequestFilter.doFilter(OncePerRequestFilter.java:117)
	at org.apache.catalina.core.ApplicationFilterChain.internalDoFilter(ApplicationFilterChain.java:178)
	at org.apache.catalina.core.ApplicationFilterChain.doFilter(ApplicationFilterChain.java:153)
	at org.springframework.web.filter.FormContentFilter.doFilterInternal(FormContentFilter.java:93)
	at org.springframework.web.filter.OncePerRequestFilter.doFilter(OncePerRequestFilter.java:117)
	at org.apache.catalina.core.ApplicationFilterChain.internalDoFilter(ApplicationFilterChain.java:178)
	at org.apache.catalina.core.ApplicationFilterChain.doFilter(ApplicationFilterChain.java:153)
	at org.springframework.boot.actuate.metrics.web.servlet.WebMvcMetricsFilter.doFilterInternal(WebMvcMetricsFilter.java:96)
	at org.springframework.web.filter.OncePerRequestFilter.doFilter(OncePerRequestFilter.java:117)
	at org.apache.catalina.core.ApplicationFilterChain.internalDoFilter(ApplicationFilterChain.java:178)
	at org.apache.catalina.core.ApplicationFilterChain.doFilter(ApplicationFilterChain.java:153)
	at org.springframework.web.filter.CharacterEncodingFilter.doFilterInternal(CharacterEncodingFilter.java:201)
	at org.springframework.web.filter.OncePerRequestFilter.doFilter(OncePerRequestFilter.java:117)
	at org.apache.catalina.core.ApplicationFilterChain.internalDoFilter(ApplicationFilterChain.java:178)
	at org.apache.catalina.core.ApplicationFilterChain.doFilter(ApplicationFilterChain.java:153)
	at org.apache.catalina.core.StandardWrapperValve.invoke(StandardWrapperValve.java:168)
	at org.apache.catalina.core.StandardContextValve.invoke(StandardContextValve.java:90)
	at org.apache.catalina.authenticator.AuthenticatorBase.invoke(AuthenticatorBase.java:481)
	at org.apache.catalina.core.StandardHostValve.invoke(StandardHostValve.java:130)
	at org.apache.catalina.valves.ErrorReportValve.invoke(ErrorReportValve.java:93)
	at org.apache.catalina.core.StandardEngineValve.invoke(StandardEngineValve.java:74)
	at org.apache.catalina.connector.CoyoteAdapter.service(CoyoteAdapter.java:342)
	at org.apache.coyote.http11.Http11Processor.service(Http11Processor.java:390)
	at org.apache.coyote.AbstractProcessorLight.process(AbstractProcessorLight.java:63)
	at org.apache.coyote.AbstractProtocol$ConnectionHandler.process(AbstractProtocol.java:928)
	at org.apache.tomcat.util.net.NioEndpoint$SocketProcessor.doRun(NioEndpoint.java:1794)
	at org.apache.tomcat.util.net.SocketProcessorBase.run(SocketProcessorBase.java:52)
	at org.apache.tomcat.util.threads.ThreadPoolExecutor.runWorker(ThreadPoolExecutor.java:1191)
	at org.apache.tomcat.util.threads.ThreadPoolExecutor$Worker.run(ThreadPoolExecutor.java:659)
	at org.apache.tomcat.util.threads.TaskThread$WrappingRunnable.run(TaskThread.java:61)
	at java.base/java.lang.Thread.run(Thread.java:834)
Caused by: java.sql.SQLException: sql injection violation, syntax error: EOF : DELETE FROM sys_dict_data WHERE
        dict_data_id IN
	at com.alibaba.druid.wall.WallFilter.checkInternal(WallFilter.java:806)
	at com.alibaba.druid.wall.WallFilter.connection_prepareStatement(WallFilter.java:259)
	at com.alibaba.druid.filter.FilterChainImpl.connection_prepareStatement(FilterChainImpl.java:568)
	at com.alibaba.druid.filter.FilterAdapter.connection_prepareStatement(FilterAdapter.java:930)
	at com.alibaba.druid.filter.FilterEventAdapter.connection_prepareStatement(FilterEventAdapter.java:122)
	at com.alibaba.druid.filter.FilterChainImpl.connection_prepareStatement(FilterChainImpl.java:568)
	at com.alibaba.druid.filter.FilterAdapter.connection_prepareStatement(FilterAdapter.java:930)
	at com.alibaba.druid.filter.FilterEventAdapter.connection_prepareStatement(FilterEventAdapter.java:122)
	at com.alibaba.druid.filter.FilterChainImpl.connection_prepareStatement(FilterChainImpl.java:568)
	at com.alibaba.druid.proxy.jdbc.ConnectionProxyImpl.prepareStatement(ConnectionProxyImpl.java:341)
	at com.alibaba.druid.pool.DruidPooledConnection.prepareStatement(DruidPooledConnection.java:350)
	at jdk.internal.reflect.GeneratedMethodAccessor151.invoke(Unknown Source)
	at java.base/jdk.internal.reflect.DelegatingMethodAccessorImpl.invoke(DelegatingMethodAccessorImpl.java:43)
	at java.base/java.lang.reflect.Method.invoke(Method.java:566)
	at org.apache.ibatis.logging.jdbc.ConnectionLogger.invoke(ConnectionLogger.java:53)
	at com.sun.proxy.$Proxy268.prepareStatement(Unknown Source)
	at org.apache.ibatis.executor.statement.PreparedStatementHandler.instantiateStatement(PreparedStatementHandler.java:88)
	at org.apache.ibatis.executor.statement.BaseStatementHandler.prepare(BaseStatementHandler.java:90)
	at org.apache.ibatis.executor.statement.RoutingStatementHandler.prepare(RoutingStatementHandler.java:60)
	at org.apache.ibatis.executor.SimpleExecutor.prepareStatement(SimpleExecutor.java:90)
	at org.apache.ibatis.executor.SimpleExecutor.doUpdate(SimpleExecutor.java:49)
	at org.apache.ibatis.executor.BaseExecutor.update(BaseExecutor.java:117)
	at org.apache.ibatis.executor.CachingExecutor.update(CachingExecutor.java:76)
	at jdk.internal.reflect.GeneratedMethodAccessor201.invoke(Unknown Source)
	at java.base/jdk.internal.reflect.DelegatingMethodAccessorImpl.invoke(DelegatingMethodAccessorImpl.java:43)
	at java.base/java.lang.reflect.Method.invoke(Method.java:566)
	at org.apache.ibatis.plugin.Plugin.invoke(Plugin.java:61)
	at com.sun.proxy.$Proxy266.update(Unknown Source)
	at org.apache.ibatis.session.defaults.DefaultSqlSession.update(DefaultSqlSession.java:197)
	at org.apache.ibatis.session.defaults.DefaultSqlSession.delete(DefaultSqlSession.java:212)
	at java.base/jdk.internal.reflect.NativeMethodAccessorImpl.invoke0(Native Method)
	at java.base/jdk.internal.reflect.NativeMethodAccessorImpl.invoke(NativeMethodAccessorImpl.java:62)
	at java.base/jdk.internal.reflect.DelegatingMethodAccessorImpl.invoke(DelegatingMethodAccessorImpl.java:43)
	at java.base/java.lang.reflect.Method.invoke(Method.java:566)
	at org.mybatis.spring.SqlSessionTemplate$SqlSessionInterceptor.invoke(SqlSessionTemplate.java:425)
	... 110 common frames omitted
Caused by: com.alibaba.druid.sql.parser.EOFParserException: EOF
	at com.alibaba.druid.sql.parser.SQLExprParser.primary(SQLExprParser.java:851)
	at com.alibaba.druid.sql.dialect.mysql.parser.MySqlExprParser.primary(MySqlExprParser.java:198)
	at com.alibaba.druid.sql.parser.SQLExprParser.inRest(SQLExprParser.java:1970)
	at com.alibaba.druid.sql.parser.SQLExprParser.exprRest(SQLExprParser.java:180)
	at com.alibaba.druid.sql.parser.SQLExprParser.expr(SQLExprParser.java:169)
	at com.alibaba.druid.sql.dialect.mysql.parser.MySqlStatementParser.parseDeleteStatement(MySqlStatementParser.java:376)
	at com.alibaba.druid.sql.dialect.mysql.parser.MySqlStatementParser.parseDeleteStatement(MySqlStatementParser.java:220)
	at com.alibaba.druid.sql.parser.SQLStatementParser.parseStatementList(SQLStatementParser.java:272)
	at com.alibaba.druid.sql.parser.SQLStatementParser.parseStatementList(SQLStatementParser.java:182)
	at com.alibaba.druid.wall.WallProvider.checkInternal(WallProvider.java:624)
	at com.alibaba.druid.wall.WallProvider.check(WallProvider.java:578)
	at com.alibaba.druid.wall.WallFilter.checkInternal(WallFilter.java:793)
	... 144 common frames omitted
