09:39:25.431 [reactor-http-nio-2] ERROR c.j.g.f.AuthFilter - [unauthorizedResponse,104] - [鉴权异常处理]请求路径:/system/user/getInfo
09:39:25.550 [reactor-http-nio-3] ERROR c.j.g.f.AuthFilter - [unauthorizedResponse,104] - [鉴权异常处理]请求路径:/system/user/getInfo
09:40:06.561 [reactor-http-nio-13] ERROR c.j.g.f.AuthFilter - [unauthorizedResponse,104] - [鉴权异常处理]请求路径:/system/user/getInfo
13:15:17.428 [reactor-http-nio-10] ERROR c.j.g.f.AuthFilter - [unauthorizedResponse,104] - [鉴权异常处理]请求路径:/system/permission/getRouters
13:15:34.863 [reactor-http-nio-10] ERROR c.j.g.f.AuthFilter - [unauthorizedResponse,104] - [鉴权异常处理]请求路径:/system/permission/getRouters
13:15:49.859 [reactor-http-nio-10] ERROR c.j.g.f.AuthFilter - [unauthorizedResponse,104] - [鉴权异常处理]请求路径:/system/permission/getRouters
14:37:25.321 [reactor-http-nio-3] ERROR o.s.b.a.w.r.e.AbstractErrorWebExceptionHandler - [error,102] - [2eb6ab62-2]  500 Server Error for HTTP GET "/system/permission/getRouters"
io.jsonwebtoken.MalformedJwtException: JWT strings must contain exactly 2 period characters. Found: 3
	at io.jsonwebtoken.impl.DefaultJwtParser.parse(DefaultJwtParser.java:235)
	Suppressed: reactor.core.publisher.FluxOnAssembly$OnAssemblyException: 
Error has been observed at the following site(s):
	*__checkpoint ⇢ org.springframework.cloud.gateway.filter.WeightCalculatorWebFilter [DefaultWebFilterChain]
	*__checkpoint ⇢ org.springframework.boot.actuate.metrics.web.reactive.server.MetricsWebFilter [DefaultWebFilterChain]
	*__checkpoint ⇢ HTTP GET "/system/permission/getRouters" [ExceptionHandlingWebHandler]
Original Stack Trace:
		at io.jsonwebtoken.impl.DefaultJwtParser.parse(DefaultJwtParser.java:235)
		at io.jsonwebtoken.impl.DefaultJwtParser.parse(DefaultJwtParser.java:481)
		at io.jsonwebtoken.impl.DefaultJwtParser.parseClaimsJws(DefaultJwtParser.java:541)
		at com.jcm.common.core.utils.JwtUtils.parseToken(JwtUtils.java:41)
		at com.jcm.gateway.filter.AuthFilter.filter(AuthFilter.java:59)
		at org.springframework.cloud.gateway.handler.FilteringWebHandler$GatewayFilterAdapter.filter(FilteringWebHandler.java:137)
		at org.springframework.cloud.gateway.filter.OrderedGatewayFilter.filter(OrderedGatewayFilter.java:44)
		at org.springframework.cloud.gateway.handler.FilteringWebHandler$DefaultGatewayFilterChain.lambda$filter$0(FilteringWebHandler.java:117)
		at reactor.core.publisher.MonoDefer.subscribe(MonoDefer.java:45)
		at reactor.core.publisher.MonoDefer.subscribe(MonoDefer.java:53)
		at reactor.core.publisher.InternalMonoOperator.subscribe(InternalMonoOperator.java:64)
		at reactor.core.publisher.MonoDefer.subscribe(MonoDefer.java:53)
		at reactor.core.publisher.Mono.subscribe(Mono.java:4490)
		at reactor.core.publisher.MonoIgnoreThen$ThenIgnoreMain.subscribeNext(MonoIgnoreThen.java:263)
		at reactor.core.publisher.MonoIgnoreThen.subscribe(MonoIgnoreThen.java:51)
		at reactor.core.publisher.MonoFlatMap$FlatMapMain.onNext(MonoFlatMap.java:157)
		at reactor.core.publisher.FluxSwitchIfEmpty$SwitchIfEmptySubscriber.onNext(FluxSwitchIfEmpty.java:74)
		at reactor.core.publisher.MonoNext$NextSubscriber.onNext(MonoNext.java:82)
		at reactor.core.publisher.FluxConcatMap$ConcatMapImmediate.innerNext(FluxConcatMap.java:282)
		at reactor.core.publisher.FluxConcatMap$ConcatMapInner.onNext(FluxConcatMap.java:863)
		at reactor.core.publisher.FluxMap$MapSubscriber.onNext(FluxMap.java:122)
		at reactor.core.publisher.FluxSwitchIfEmpty$SwitchIfEmptySubscriber.onNext(FluxSwitchIfEmpty.java:74)
		at reactor.core.publisher.Operators$MonoSubscriber.complete(Operators.java:1839)
		at reactor.core.publisher.MonoFlatMap$FlatMapMain.onNext(MonoFlatMap.java:151)
		at reactor.core.publisher.FluxMap$MapSubscriber.onNext(FluxMap.java:122)
		at reactor.core.publisher.MonoNext$NextSubscriber.onNext(MonoNext.java:82)
		at reactor.core.publisher.FluxConcatMap$ConcatMapImmediate.innerNext(FluxConcatMap.java:282)
		at reactor.core.publisher.FluxConcatMap$ConcatMapInner.onNext(FluxConcatMap.java:863)
		at reactor.core.publisher.FluxOnErrorResume$ResumeSubscriber.onNext(FluxOnErrorResume.java:79)
		at reactor.core.publisher.MonoPeekTerminal$MonoTerminalPeekSubscriber.onNext(MonoPeekTerminal.java:180)
		at reactor.core.publisher.Operators$MonoSubscriber.complete(Operators.java:1839)
		at reactor.core.publisher.MonoFilterWhen$MonoFilterWhenMain.onNext(MonoFilterWhen.java:149)
		at reactor.core.publisher.Operators$ScalarSubscription.request(Operators.java:2400)
		at reactor.core.publisher.MonoFilterWhen$MonoFilterWhenMain.onSubscribe(MonoFilterWhen.java:112)
		at reactor.core.publisher.MonoJust.subscribe(MonoJust.java:55)
		at reactor.core.publisher.Mono.subscribe(Mono.java:4490)
		at reactor.core.publisher.FluxConcatMap$ConcatMapImmediate.drain(FluxConcatMap.java:451)
		at reactor.core.publisher.FluxConcatMap$ConcatMapImmediate.onNext(FluxConcatMap.java:251)
		at reactor.core.publisher.FluxDematerialize$DematerializeSubscriber.onNext(FluxDematerialize.java:98)
		at reactor.core.publisher.FluxDematerialize$DematerializeSubscriber.onNext(FluxDematerialize.java:44)
		at reactor.core.publisher.FluxIterable$IterableSubscription.slowPath(FluxIterable.java:335)
		at reactor.core.publisher.FluxIterable$IterableSubscription.request(FluxIterable.java:294)
		at reactor.core.publisher.FluxDematerialize$DematerializeSubscriber.request(FluxDematerialize.java:127)
		at reactor.core.publisher.FluxConcatMap$ConcatMapImmediate.onSubscribe(FluxConcatMap.java:236)
		at reactor.core.publisher.FluxDematerialize$DematerializeSubscriber.onSubscribe(FluxDematerialize.java:77)
		at reactor.core.publisher.FluxIterable.subscribe(FluxIterable.java:201)
		at reactor.core.publisher.FluxIterable.subscribe(FluxIterable.java:83)
		at reactor.core.publisher.InternalFluxOperator.subscribe(InternalFluxOperator.java:62)
		at reactor.core.publisher.FluxDefer.subscribe(FluxDefer.java:54)
		at reactor.core.publisher.Mono.subscribe(Mono.java:4490)
		at reactor.core.publisher.FluxConcatMap$ConcatMapImmediate.drain(FluxConcatMap.java:451)
		at reactor.core.publisher.FluxConcatMap$ConcatMapImmediate.onSubscribe(FluxConcatMap.java:219)
		at reactor.core.publisher.FluxIterable.subscribe(FluxIterable.java:201)
		at reactor.core.publisher.FluxIterable.subscribe(FluxIterable.java:83)
		at reactor.core.publisher.InternalMonoOperator.subscribe(InternalMonoOperator.java:64)
		at reactor.core.publisher.MonoDefer.subscribe(MonoDefer.java:53)
		at reactor.core.publisher.InternalMonoOperator.subscribe(InternalMonoOperator.java:64)
		at reactor.core.publisher.MonoDefer.subscribe(MonoDefer.java:53)
		at reactor.core.publisher.InternalMonoOperator.subscribe(InternalMonoOperator.java:64)
		at reactor.core.publisher.MonoDefer.subscribe(MonoDefer.java:53)
		at reactor.core.publisher.InternalMonoOperator.subscribe(InternalMonoOperator.java:64)
		at reactor.core.publisher.MonoDefer.subscribe(MonoDefer.java:53)
		at reactor.core.publisher.Mono.subscribe(Mono.java:4490)
		at reactor.core.publisher.MonoIgnoreThen$ThenIgnoreMain.subscribeNext(MonoIgnoreThen.java:263)
		at reactor.core.publisher.MonoIgnoreThen.subscribe(MonoIgnoreThen.java:51)
		at reactor.core.publisher.InternalMonoOperator.subscribe(InternalMonoOperator.java:64)
		at reactor.core.publisher.MonoDeferContextual.subscribe(MonoDeferContextual.java:55)
		at reactor.netty.http.server.HttpServer$HttpServerHandle.onStateChange(HttpServer.java:1112)
		at reactor.netty.ReactorNetty$CompositeConnectionObserver.onStateChange(ReactorNetty.java:707)
		at reactor.netty.transport.ServerTransport$ChildObserver.onStateChange(ServerTransport.java:481)
		at reactor.netty.http.server.HttpServerOperations.onInboundNext(HttpServerOperations.java:626)
		at reactor.netty.channel.ChannelOperationsHandler.channelRead(ChannelOperationsHandler.java:114)
		at io.netty.channel.AbstractChannelHandlerContext.invokeChannelRead(AbstractChannelHandlerContext.java:444)
		at io.netty.channel.AbstractChannelHandlerContext.invokeChannelRead(AbstractChannelHandlerContext.java:420)
		at io.netty.channel.AbstractChannelHandlerContext.fireChannelRead(AbstractChannelHandlerContext.java:412)
		at reactor.netty.http.server.HttpTrafficHandler.channelRead(HttpTrafficHandler.java:230)
		at io.netty.channel.AbstractChannelHandlerContext.invokeChannelRead(AbstractChannelHandlerContext.java:442)
		at io.netty.channel.AbstractChannelHandlerContext.invokeChannelRead(AbstractChannelHandlerContext.java:420)
		at io.netty.channel.AbstractChannelHandlerContext.fireChannelRead(AbstractChannelHandlerContext.java:412)
		at io.netty.channel.CombinedChannelDuplexHandler$DelegatingChannelHandlerContext.fireChannelRead(CombinedChannelDuplexHandler.java:436)
		at io.netty.handler.codec.ByteToMessageDecoder.fireChannelRead(ByteToMessageDecoder.java:346)
		at io.netty.handler.codec.ByteToMessageDecoder.channelRead(ByteToMessageDecoder.java:318)
		at io.netty.channel.CombinedChannelDuplexHandler.channelRead(CombinedChannelDuplexHandler.java:251)
		at io.netty.channel.AbstractChannelHandlerContext.invokeChannelRead(AbstractChannelHandlerContext.java:442)
		at io.netty.channel.AbstractChannelHandlerContext.invokeChannelRead(AbstractChannelHandlerContext.java:420)
		at io.netty.channel.AbstractChannelHandlerContext.fireChannelRead(AbstractChannelHandlerContext.java:412)
		at io.netty.channel.DefaultChannelPipeline$HeadContext.channelRead(DefaultChannelPipeline.java:1410)
		at io.netty.channel.AbstractChannelHandlerContext.invokeChannelRead(AbstractChannelHandlerContext.java:440)
		at io.netty.channel.AbstractChannelHandlerContext.invokeChannelRead(AbstractChannelHandlerContext.java:420)
		at io.netty.channel.DefaultChannelPipeline.fireChannelRead(DefaultChannelPipeline.java:919)
		at io.netty.channel.nio.AbstractNioByteChannel$NioByteUnsafe.read(AbstractNioByteChannel.java:166)
		at io.netty.channel.nio.NioEventLoop.processSelectedKey(NioEventLoop.java:788)
		at io.netty.channel.nio.NioEventLoop.processSelectedKeysOptimized(NioEventLoop.java:724)
		at io.netty.channel.nio.NioEventLoop.processSelectedKeys(NioEventLoop.java:650)
		at io.netty.channel.nio.NioEventLoop.run(NioEventLoop.java:562)
		at io.netty.util.concurrent.SingleThreadEventExecutor$4.run(SingleThreadEventExecutor.java:997)
		at io.netty.util.internal.ThreadExecutorMap$2.run(ThreadExecutorMap.java:74)
		at io.netty.util.concurrent.FastThreadLocalRunnable.run(FastThreadLocalRunnable.java:30)
		at java.base/java.lang.Thread.run(Thread.java:834)
15:39:31.131 [reactor-http-nio-2] ERROR c.j.g.f.AuthFilter - [unauthorizedResponse,104] - [鉴权异常处理]请求路径:/system/user/getInfo
17:58:10.702 [reactor-http-nio-3] ERROR c.j.g.f.AuthFilter - [unauthorizedResponse,104] - [鉴权异常处理]请求路径:/system/user/list
18:50:48.385 [reactor-http-nio-12] ERROR c.j.g.f.AuthFilter - [unauthorizedResponse,104] - [鉴权异常处理]请求路径:/system/user/getInfo
18:50:48.409 [reactor-http-nio-13] ERROR c.j.g.f.AuthFilter - [unauthorizedResponse,104] - [鉴权异常处理]请求路径:/system/user/getInfo
18:50:50.117 [reactor-http-nio-16] ERROR c.j.g.f.AuthFilter - [unauthorizedResponse,104] - [鉴权异常处理]请求路径:/system/user/getInfo
18:50:50.378 [reactor-http-nio-2] ERROR c.j.g.f.AuthFilter - [unauthorizedResponse,104] - [鉴权异常处理]请求路径:/system/user/getInfo
18:51:20.151 [reactor-http-nio-4] ERROR c.j.g.f.AuthFilter - [unauthorizedResponse,104] - [鉴权异常处理]请求路径:/system/user/getInfo
18:51:20.378 [reactor-http-nio-6] ERROR c.j.g.f.AuthFilter - [unauthorizedResponse,104] - [鉴权异常处理]请求路径:/system/user/getInfo
18:51:26.137 [reactor-http-nio-8] ERROR c.j.g.f.AuthFilter - [unauthorizedResponse,104] - [鉴权异常处理]请求路径:/system/user/getInfo
18:51:26.391 [reactor-http-nio-10] ERROR c.j.g.f.AuthFilter - [unauthorizedResponse,104] - [鉴权异常处理]请求路径:/system/user/getInfo
18:51:32.723 [reactor-http-nio-12] ERROR c.j.g.f.AuthFilter - [unauthorizedResponse,104] - [鉴权异常处理]请求路径:/system/user/getInfo
19:24:07.561 [reactor-http-nio-15] ERROR c.j.g.f.AuthFilter - [unauthorizedResponse,104] - [鉴权异常处理]请求路径:/system/user/getInfo
19:24:17.220 [reactor-http-nio-1] ERROR c.j.g.f.AuthFilter - [unauthorizedResponse,104] - [鉴权异常处理]请求路径:/system/user/getInfo
19:24:35.297 [reactor-http-nio-3] ERROR c.j.g.f.AuthFilter - [unauthorizedResponse,104] - [鉴权异常处理]请求路径:/system/user/getInfo
19:24:39.297 [reactor-http-nio-4] ERROR c.j.g.f.AuthFilter - [unauthorizedResponse,104] - [鉴权异常处理]请求路径:/system/user/getInfo
19:24:41.231 [reactor-http-nio-5] ERROR c.j.g.f.AuthFilter - [unauthorizedResponse,104] - [鉴权异常处理]请求路径:/system/user/getInfo
19:25:49.557 [reactor-http-nio-6] ERROR c.j.g.f.AuthFilter - [unauthorizedResponse,104] - [鉴权异常处理]请求路径:/system/user/getInfo
19:26:04.267 [reactor-http-nio-7] ERROR c.j.g.f.AuthFilter - [unauthorizedResponse,104] - [鉴权异常处理]请求路径:/system/user/getInfo
19:26:49.259 [reactor-http-nio-8] ERROR c.j.g.f.AuthFilter - [unauthorizedResponse,104] - [鉴权异常处理]请求路径:/system/user/getInfo
19:27:29.558 [reactor-http-nio-9] ERROR c.j.g.f.AuthFilter - [unauthorizedResponse,104] - [鉴权异常处理]请求路径:/system/user/getInfo
19:27:36.252 [reactor-http-nio-10] ERROR c.j.g.f.AuthFilter - [unauthorizedResponse,104] - [鉴权异常处理]请求路径:/system/user/getInfo
19:30:23.568 [reactor-http-nio-11] ERROR c.j.g.f.AuthFilter - [unauthorizedResponse,104] - [鉴权异常处理]请求路径:/system/user/getInfo
19:30:41.261 [reactor-http-nio-12] ERROR c.j.g.f.AuthFilter - [unauthorizedResponse,104] - [鉴权异常处理]请求路径:/system/user/getInfo
19:30:44.253 [reactor-http-nio-15] ERROR c.j.g.f.AuthFilter - [unauthorizedResponse,104] - [鉴权异常处理]请求路径:/system/user/getInfo
19:31:31.983 [reactor-http-nio-1] ERROR c.j.g.f.AuthFilter - [unauthorizedResponse,104] - [鉴权异常处理]请求路径:/system/user/getInfo
19:31:58.121 [reactor-http-nio-3] ERROR c.j.g.f.AuthFilter - [unauthorizedResponse,104] - [鉴权异常处理]请求路径:/system/user/getInfo
20:28:55.864 [reactor-http-nio-8] ERROR c.j.g.f.AuthFilter - [unauthorizedResponse,104] - [鉴权异常处理]请求路径:/system/user/getInfo
21:12:40.176 [boundedElastic-84] ERROR c.a.c.n.d.r.NacosReactiveDiscoveryClient - [lambda$getServices$3,94] - get services from nacos server fail,
com.alibaba.nacos.api.exception.NacosException: Client not connected, current status:UNHEALTHY
	at com.alibaba.nacos.common.remote.client.RpcClient.request(RpcClient.java:639)
	at com.alibaba.nacos.common.remote.client.RpcClient.request(RpcClient.java:619)
	at com.alibaba.nacos.client.naming.remote.gprc.NamingGrpcClientProxy.requestToServer(NamingGrpcClientProxy.java:356)
	at com.alibaba.nacos.client.naming.remote.gprc.NamingGrpcClientProxy.getServiceList(NamingGrpcClientProxy.java:282)
	at com.alibaba.nacos.client.naming.remote.NamingClientProxyDelegate.getServiceList(NamingClientProxyDelegate.java:162)
	at com.alibaba.nacos.client.naming.NacosNamingService.getServicesOfServer(NacosNamingService.java:461)
	at com.alibaba.nacos.client.naming.NacosNamingService.getServicesOfServer(NacosNamingService.java:449)
	at com.alibaba.cloud.nacos.discovery.NacosServiceDiscovery.getServices(NacosServiceDiscovery.java:70)
	at com.alibaba.cloud.nacos.discovery.reactive.NacosReactiveDiscoveryClient.lambda$getServices$3(NacosReactiveDiscoveryClient.java:87)
	at reactor.core.publisher.FluxDefer.subscribe(FluxDefer.java:46)
	at reactor.core.publisher.FluxSubscribeOn$SubscribeOnSubscriber.run(FluxSubscribeOn.java:194)
	at reactor.core.scheduler.WorkerTask.call(WorkerTask.java:84)
	at reactor.core.scheduler.WorkerTask.call(WorkerTask.java:37)
	at java.base/java.util.concurrent.FutureTask.run(FutureTask.java:264)
	at java.base/java.util.concurrent.ScheduledThreadPoolExecutor$ScheduledFutureTask.run(ScheduledThreadPoolExecutor.java:304)
	at java.base/java.util.concurrent.ThreadPoolExecutor.runWorker(ThreadPoolExecutor.java:1128)
	at java.base/java.util.concurrent.ThreadPoolExecutor$Worker.run(ThreadPoolExecutor.java:628)
	at java.base/java.lang.Thread.run(Thread.java:834)
21:12:40.176 [boundedElastic-83] ERROR c.a.c.n.d.r.NacosReactiveDiscoveryClient - [lambda$getServices$3,94] - get services from nacos server fail,
com.alibaba.nacos.api.exception.NacosException: Client not connected, current status:UNHEALTHY
	at com.alibaba.nacos.common.remote.client.RpcClient.request(RpcClient.java:639)
	at com.alibaba.nacos.common.remote.client.RpcClient.request(RpcClient.java:619)
	at com.alibaba.nacos.client.naming.remote.gprc.NamingGrpcClientProxy.requestToServer(NamingGrpcClientProxy.java:356)
	at com.alibaba.nacos.client.naming.remote.gprc.NamingGrpcClientProxy.getServiceList(NamingGrpcClientProxy.java:282)
	at com.alibaba.nacos.client.naming.remote.NamingClientProxyDelegate.getServiceList(NamingClientProxyDelegate.java:162)
	at com.alibaba.nacos.client.naming.NacosNamingService.getServicesOfServer(NacosNamingService.java:461)
	at com.alibaba.nacos.client.naming.NacosNamingService.getServicesOfServer(NacosNamingService.java:449)
	at com.alibaba.cloud.nacos.discovery.NacosServiceDiscovery.getServices(NacosServiceDiscovery.java:70)
	at com.alibaba.cloud.nacos.discovery.reactive.NacosReactiveDiscoveryClient.lambda$getServices$3(NacosReactiveDiscoveryClient.java:87)
	at reactor.core.publisher.FluxDefer.subscribe(FluxDefer.java:46)
	at reactor.core.publisher.FluxSubscribeOn$SubscribeOnSubscriber.run(FluxSubscribeOn.java:194)
	at reactor.core.scheduler.WorkerTask.call(WorkerTask.java:84)
	at reactor.core.scheduler.WorkerTask.call(WorkerTask.java:37)
	at java.base/java.util.concurrent.FutureTask.run(FutureTask.java:264)
	at java.base/java.util.concurrent.ScheduledThreadPoolExecutor$ScheduledFutureTask.run(ScheduledThreadPoolExecutor.java:304)
	at java.base/java.util.concurrent.ThreadPoolExecutor.runWorker(ThreadPoolExecutor.java:1128)
	at java.base/java.util.concurrent.ThreadPoolExecutor$Worker.run(ThreadPoolExecutor.java:628)
	at java.base/java.lang.Thread.run(Thread.java:834)
