10:13:46.632 [reactor-http-nio-15] ERROR c.j.g.f.AuthFilter - [unauthorizedResponse,104] - [鉴权异常处理]请求路径:/system/user/getInfo
10:14:05.339 [reactor-http-nio-16] ERROR c.j.g.f.AuthFilter - [unauthorizedResponse,104] - [鉴权异常处理]请求路径:/system/user/getInfo
11:32:39.434 [reactor-http-nio-2] ERROR o.s.b.a.w.r.e.AbstractErrorWebExceptionHandler - [error,102] - [74ad19e2-248]  500 Server Error for HTTP POST "/auth/login"
java.lang.NullPointerException: null
	at com.jcm.common.core.utils.ServletUtils.webFluxResponseWriter(ServletUtils.java:330)
	Suppressed: reactor.core.publisher.FluxOnAssembly$OnAssemblyException: 
Error has been observed at the following site(s):
	*__checkpoint ⇢ org.springframework.cloud.gateway.filter.WeightCalculatorWebFilter [DefaultWebFilterChain]
	*__checkpoint ⇢ org.springframework.boot.actuate.metrics.web.reactive.server.MetricsWebFilter [DefaultWebFilterChain]
	*__checkpoint ⇢ HTTP POST "/auth/login" [ExceptionHandlingWebHandler]
Original Stack Trace:
		at com.jcm.common.core.utils.ServletUtils.webFluxResponseWriter(ServletUtils.java:330)
		at com.jcm.common.core.utils.ServletUtils.webFluxResponseWriter(ServletUtils.java:313)
		at com.jcm.common.core.utils.ServletUtils.webFluxResponseWriter(ServletUtils.java:286)
		at com.jcm.gateway.filter.ValidateCodeFilter.lambda$apply$0(ValidateCodeFilter.java:62)
		at org.springframework.cloud.gateway.filter.OrderedGatewayFilter.filter(OrderedGatewayFilter.java:44)
		at org.springframework.cloud.gateway.handler.FilteringWebHandler$DefaultGatewayFilterChain.lambda$filter$0(FilteringWebHandler.java:117)
		at reactor.core.publisher.MonoDefer.subscribe(MonoDefer.java:45)
		at reactor.core.publisher.InternalMonoOperator.subscribe(InternalMonoOperator.java:64)
		at reactor.core.publisher.MonoDefer.subscribe(MonoDefer.java:53)
		at reactor.core.publisher.MonoDefer.subscribe(MonoDefer.java:53)
		at reactor.core.publisher.Mono.subscribe(Mono.java:4490)
		at reactor.core.publisher.MonoIgnoreThen$ThenIgnoreMain.subscribeNext(MonoIgnoreThen.java:263)
		at reactor.core.publisher.MonoIgnoreThen.subscribe(MonoIgnoreThen.java:51)
		at reactor.core.publisher.InternalMonoOperator.subscribe(InternalMonoOperator.java:64)
		at reactor.core.publisher.MonoDefer.subscribe(MonoDefer.java:53)
		at reactor.core.publisher.MonoDefer.subscribe(MonoDefer.java:53)
		at reactor.core.publisher.MonoDefer.subscribe(MonoDefer.java:53)
		at reactor.core.publisher.InternalMonoOperator.subscribe(InternalMonoOperator.java:64)
		at reactor.core.publisher.MonoDefer.subscribe(MonoDefer.java:53)
		at reactor.core.publisher.Mono.subscribe(Mono.java:4490)
		at reactor.core.publisher.MonoIgnoreThen$ThenIgnoreMain.subscribeNext(MonoIgnoreThen.java:263)
		at reactor.core.publisher.MonoIgnoreThen.subscribe(MonoIgnoreThen.java:51)
		at reactor.core.publisher.MonoFlatMap$FlatMapMain.onNext(MonoFlatMap.java:157)
		at reactor.core.publisher.FluxSwitchIfEmpty$SwitchIfEmptySubscriber.onNext(FluxSwitchIfEmpty.java:74)
		at reactor.core.publisher.MonoNext$NextSubscriber.onNext(MonoNext.java:82)
		at reactor.core.publisher.FluxConcatMap$ConcatMapImmediate.innerNext(FluxConcatMap.java:282)
		at reactor.core.publisher.FluxConcatMap$ConcatMapInner.onNext(FluxConcatMap.java:863)
		at reactor.core.publisher.FluxMap$MapSubscriber.onNext(FluxMap.java:122)
		at reactor.core.publisher.FluxSwitchIfEmpty$SwitchIfEmptySubscriber.onNext(FluxSwitchIfEmpty.java:74)
		at reactor.core.publisher.Operators$MonoSubscriber.complete(Operators.java:1839)
		at reactor.core.publisher.MonoFlatMap$FlatMapMain.onNext(MonoFlatMap.java:151)
		at reactor.core.publisher.FluxMap$MapSubscriber.onNext(FluxMap.java:122)
		at reactor.core.publisher.MonoNext$NextSubscriber.onNext(MonoNext.java:82)
		at reactor.core.publisher.FluxConcatMap$ConcatMapImmediate.innerNext(FluxConcatMap.java:282)
		at reactor.core.publisher.FluxConcatMap$ConcatMapInner.onNext(FluxConcatMap.java:863)
		at reactor.core.publisher.FluxOnErrorResume$ResumeSubscriber.onNext(FluxOnErrorResume.java:79)
		at reactor.core.publisher.MonoPeekTerminal$MonoTerminalPeekSubscriber.onNext(MonoPeekTerminal.java:180)
		at reactor.core.publisher.Operators$MonoSubscriber.complete(Operators.java:1839)
		at reactor.core.publisher.MonoFilterWhen$MonoFilterWhenMain.onNext(MonoFilterWhen.java:149)
		at reactor.core.publisher.Operators$ScalarSubscription.request(Operators.java:2400)
		at reactor.core.publisher.MonoFilterWhen$MonoFilterWhenMain.onSubscribe(MonoFilterWhen.java:112)
		at reactor.core.publisher.MonoJust.subscribe(MonoJust.java:55)
		at reactor.core.publisher.Mono.subscribe(Mono.java:4490)
		at reactor.core.publisher.FluxConcatMap$ConcatMapImmediate.drain(FluxConcatMap.java:451)
		at reactor.core.publisher.FluxConcatMap$ConcatMapImmediate.onNext(FluxConcatMap.java:251)
		at reactor.core.publisher.FluxDematerialize$DematerializeSubscriber.onNext(FluxDematerialize.java:98)
		at reactor.core.publisher.FluxDematerialize$DematerializeSubscriber.onNext(FluxDematerialize.java:44)
		at reactor.core.publisher.FluxIterable$IterableSubscription.slowPath(FluxIterable.java:335)
		at reactor.core.publisher.FluxIterable$IterableSubscription.request(FluxIterable.java:294)
		at reactor.core.publisher.FluxDematerialize$DematerializeSubscriber.request(FluxDematerialize.java:127)
		at reactor.core.publisher.FluxConcatMap$ConcatMapImmediate.onSubscribe(FluxConcatMap.java:236)
		at reactor.core.publisher.FluxDematerialize$DematerializeSubscriber.onSubscribe(FluxDematerialize.java:77)
		at reactor.core.publisher.FluxIterable.subscribe(FluxIterable.java:201)
		at reactor.core.publisher.FluxIterable.subscribe(FluxIterable.java:83)
		at reactor.core.publisher.InternalFluxOperator.subscribe(InternalFluxOperator.java:62)
		at reactor.core.publisher.FluxDefer.subscribe(FluxDefer.java:54)
		at reactor.core.publisher.Mono.subscribe(Mono.java:4490)
		at reactor.core.publisher.FluxConcatMap$ConcatMapImmediate.drain(FluxConcatMap.java:451)
		at reactor.core.publisher.FluxConcatMap$ConcatMapImmediate.onSubscribe(FluxConcatMap.java:219)
		at reactor.core.publisher.FluxIterable.subscribe(FluxIterable.java:201)
		at reactor.core.publisher.FluxIterable.subscribe(FluxIterable.java:83)
		at reactor.core.publisher.InternalMonoOperator.subscribe(InternalMonoOperator.java:64)
		at reactor.core.publisher.MonoDefer.subscribe(MonoDefer.java:53)
		at reactor.core.publisher.InternalMonoOperator.subscribe(InternalMonoOperator.java:64)
		at reactor.core.publisher.MonoDefer.subscribe(MonoDefer.java:53)
		at reactor.core.publisher.InternalMonoOperator.subscribe(InternalMonoOperator.java:64)
		at reactor.core.publisher.MonoDefer.subscribe(MonoDefer.java:53)
		at reactor.core.publisher.InternalMonoOperator.subscribe(InternalMonoOperator.java:64)
		at reactor.core.publisher.MonoDefer.subscribe(MonoDefer.java:53)
		at reactor.core.publisher.Mono.subscribe(Mono.java:4490)
		at reactor.core.publisher.MonoIgnoreThen$ThenIgnoreMain.subscribeNext(MonoIgnoreThen.java:263)
		at reactor.core.publisher.MonoIgnoreThen.subscribe(MonoIgnoreThen.java:51)
		at reactor.core.publisher.InternalMonoOperator.subscribe(InternalMonoOperator.java:64)
		at reactor.core.publisher.MonoDeferContextual.subscribe(MonoDeferContextual.java:55)
		at reactor.netty.http.server.HttpServer$HttpServerHandle.onStateChange(HttpServer.java:1112)
		at reactor.netty.ReactorNetty$CompositeConnectionObserver.onStateChange(ReactorNetty.java:707)
		at reactor.netty.transport.ServerTransport$ChildObserver.onStateChange(ServerTransport.java:481)
		at reactor.netty.http.server.HttpServerOperations.onInboundNext(HttpServerOperations.java:626)
		at reactor.netty.channel.ChannelOperationsHandler.channelRead(ChannelOperationsHandler.java:114)
		at io.netty.channel.AbstractChannelHandlerContext.invokeChannelRead(AbstractChannelHandlerContext.java:444)
		at io.netty.channel.AbstractChannelHandlerContext.invokeChannelRead(AbstractChannelHandlerContext.java:420)
		at io.netty.channel.AbstractChannelHandlerContext.fireChannelRead(AbstractChannelHandlerContext.java:412)
		at reactor.netty.http.server.HttpTrafficHandler.channelRead(HttpTrafficHandler.java:230)
		at io.netty.channel.AbstractChannelHandlerContext.invokeChannelRead(AbstractChannelHandlerContext.java:442)
		at io.netty.channel.AbstractChannelHandlerContext.invokeChannelRead(AbstractChannelHandlerContext.java:420)
		at io.netty.channel.AbstractChannelHandlerContext.fireChannelRead(AbstractChannelHandlerContext.java:412)
		at io.netty.channel.CombinedChannelDuplexHandler$DelegatingChannelHandlerContext.fireChannelRead(CombinedChannelDuplexHandler.java:436)
		at io.netty.handler.codec.ByteToMessageDecoder.fireChannelRead(ByteToMessageDecoder.java:346)
		at io.netty.handler.codec.ByteToMessageDecoder.fireChannelRead(ByteToMessageDecoder.java:333)
		at io.netty.handler.codec.ByteToMessageDecoder.callDecode(ByteToMessageDecoder.java:454)
		at io.netty.handler.codec.ByteToMessageDecoder.channelRead(ByteToMessageDecoder.java:290)
		at io.netty.channel.CombinedChannelDuplexHandler.channelRead(CombinedChannelDuplexHandler.java:251)
		at io.netty.channel.AbstractChannelHandlerContext.invokeChannelRead(AbstractChannelHandlerContext.java:442)
		at io.netty.channel.AbstractChannelHandlerContext.invokeChannelRead(AbstractChannelHandlerContext.java:420)
		at io.netty.channel.AbstractChannelHandlerContext.fireChannelRead(AbstractChannelHandlerContext.java:412)
		at io.netty.channel.DefaultChannelPipeline$HeadContext.channelRead(DefaultChannelPipeline.java:1410)
		at io.netty.channel.AbstractChannelHandlerContext.invokeChannelRead(AbstractChannelHandlerContext.java:440)
		at io.netty.channel.AbstractChannelHandlerContext.invokeChannelRead(AbstractChannelHandlerContext.java:420)
		at io.netty.channel.DefaultChannelPipeline.fireChannelRead(DefaultChannelPipeline.java:919)
		at io.netty.channel.nio.AbstractNioByteChannel$NioByteUnsafe.read(AbstractNioByteChannel.java:166)
		at io.netty.channel.nio.NioEventLoop.processSelectedKey(NioEventLoop.java:788)
		at io.netty.channel.nio.NioEventLoop.processSelectedKeysOptimized(NioEventLoop.java:724)
		at io.netty.channel.nio.NioEventLoop.processSelectedKeys(NioEventLoop.java:650)
		at io.netty.channel.nio.NioEventLoop.run(NioEventLoop.java:562)
		at io.netty.util.concurrent.SingleThreadEventExecutor$4.run(SingleThreadEventExecutor.java:997)
		at io.netty.util.internal.ThreadExecutorMap$2.run(ThreadExecutorMap.java:74)
		at io.netty.util.concurrent.FastThreadLocalRunnable.run(FastThreadLocalRunnable.java:30)
		at java.base/java.lang.Thread.run(Thread.java:834)
11:32:41.072 [reactor-http-nio-3] ERROR o.s.b.a.w.r.e.AbstractErrorWebExceptionHandler - [error,102] - [d6e5a06b-249]  500 Server Error for HTTP POST "/auth/login"
java.lang.NullPointerException: null
	at com.jcm.common.core.utils.ServletUtils.webFluxResponseWriter(ServletUtils.java:330)
	Suppressed: reactor.core.publisher.FluxOnAssembly$OnAssemblyException: 
Error has been observed at the following site(s):
	*__checkpoint ⇢ org.springframework.cloud.gateway.filter.WeightCalculatorWebFilter [DefaultWebFilterChain]
	*__checkpoint ⇢ org.springframework.boot.actuate.metrics.web.reactive.server.MetricsWebFilter [DefaultWebFilterChain]
	*__checkpoint ⇢ HTTP POST "/auth/login" [ExceptionHandlingWebHandler]
Original Stack Trace:
		at com.jcm.common.core.utils.ServletUtils.webFluxResponseWriter(ServletUtils.java:330)
		at com.jcm.common.core.utils.ServletUtils.webFluxResponseWriter(ServletUtils.java:313)
		at com.jcm.common.core.utils.ServletUtils.webFluxResponseWriter(ServletUtils.java:286)
		at com.jcm.gateway.filter.ValidateCodeFilter.lambda$apply$0(ValidateCodeFilter.java:62)
		at org.springframework.cloud.gateway.filter.OrderedGatewayFilter.filter(OrderedGatewayFilter.java:44)
		at org.springframework.cloud.gateway.handler.FilteringWebHandler$DefaultGatewayFilterChain.lambda$filter$0(FilteringWebHandler.java:117)
		at reactor.core.publisher.MonoDefer.subscribe(MonoDefer.java:45)
		at reactor.core.publisher.InternalMonoOperator.subscribe(InternalMonoOperator.java:64)
		at reactor.core.publisher.MonoDefer.subscribe(MonoDefer.java:53)
		at reactor.core.publisher.MonoDefer.subscribe(MonoDefer.java:53)
		at reactor.core.publisher.Mono.subscribe(Mono.java:4490)
		at reactor.core.publisher.MonoIgnoreThen$ThenIgnoreMain.subscribeNext(MonoIgnoreThen.java:263)
		at reactor.core.publisher.MonoIgnoreThen.subscribe(MonoIgnoreThen.java:51)
		at reactor.core.publisher.InternalMonoOperator.subscribe(InternalMonoOperator.java:64)
		at reactor.core.publisher.MonoDefer.subscribe(MonoDefer.java:53)
		at reactor.core.publisher.MonoDefer.subscribe(MonoDefer.java:53)
		at reactor.core.publisher.MonoDefer.subscribe(MonoDefer.java:53)
		at reactor.core.publisher.InternalMonoOperator.subscribe(InternalMonoOperator.java:64)
		at reactor.core.publisher.MonoDefer.subscribe(MonoDefer.java:53)
		at reactor.core.publisher.Mono.subscribe(Mono.java:4490)
		at reactor.core.publisher.MonoIgnoreThen$ThenIgnoreMain.subscribeNext(MonoIgnoreThen.java:263)
		at reactor.core.publisher.MonoIgnoreThen.subscribe(MonoIgnoreThen.java:51)
		at reactor.core.publisher.MonoFlatMap$FlatMapMain.onNext(MonoFlatMap.java:157)
		at reactor.core.publisher.FluxSwitchIfEmpty$SwitchIfEmptySubscriber.onNext(FluxSwitchIfEmpty.java:74)
		at reactor.core.publisher.MonoNext$NextSubscriber.onNext(MonoNext.java:82)
		at reactor.core.publisher.FluxConcatMap$ConcatMapImmediate.innerNext(FluxConcatMap.java:282)
		at reactor.core.publisher.FluxConcatMap$ConcatMapInner.onNext(FluxConcatMap.java:863)
		at reactor.core.publisher.FluxMap$MapSubscriber.onNext(FluxMap.java:122)
		at reactor.core.publisher.FluxSwitchIfEmpty$SwitchIfEmptySubscriber.onNext(FluxSwitchIfEmpty.java:74)
		at reactor.core.publisher.Operators$MonoSubscriber.complete(Operators.java:1839)
		at reactor.core.publisher.MonoFlatMap$FlatMapMain.onNext(MonoFlatMap.java:151)
		at reactor.core.publisher.FluxMap$MapSubscriber.onNext(FluxMap.java:122)
		at reactor.core.publisher.MonoNext$NextSubscriber.onNext(MonoNext.java:82)
		at reactor.core.publisher.FluxConcatMap$ConcatMapImmediate.innerNext(FluxConcatMap.java:282)
		at reactor.core.publisher.FluxConcatMap$ConcatMapInner.onNext(FluxConcatMap.java:863)
		at reactor.core.publisher.FluxOnErrorResume$ResumeSubscriber.onNext(FluxOnErrorResume.java:79)
		at reactor.core.publisher.MonoPeekTerminal$MonoTerminalPeekSubscriber.onNext(MonoPeekTerminal.java:180)
		at reactor.core.publisher.Operators$MonoSubscriber.complete(Operators.java:1839)
		at reactor.core.publisher.MonoFilterWhen$MonoFilterWhenMain.onNext(MonoFilterWhen.java:149)
		at reactor.core.publisher.Operators$ScalarSubscription.request(Operators.java:2400)
		at reactor.core.publisher.MonoFilterWhen$MonoFilterWhenMain.onSubscribe(MonoFilterWhen.java:112)
		at reactor.core.publisher.MonoJust.subscribe(MonoJust.java:55)
		at reactor.core.publisher.Mono.subscribe(Mono.java:4490)
		at reactor.core.publisher.FluxConcatMap$ConcatMapImmediate.drain(FluxConcatMap.java:451)
		at reactor.core.publisher.FluxConcatMap$ConcatMapImmediate.onNext(FluxConcatMap.java:251)
		at reactor.core.publisher.FluxDematerialize$DematerializeSubscriber.onNext(FluxDematerialize.java:98)
		at reactor.core.publisher.FluxDematerialize$DematerializeSubscriber.onNext(FluxDematerialize.java:44)
		at reactor.core.publisher.FluxIterable$IterableSubscription.slowPath(FluxIterable.java:335)
		at reactor.core.publisher.FluxIterable$IterableSubscription.request(FluxIterable.java:294)
		at reactor.core.publisher.FluxDematerialize$DematerializeSubscriber.request(FluxDematerialize.java:127)
		at reactor.core.publisher.FluxConcatMap$ConcatMapImmediate.onSubscribe(FluxConcatMap.java:236)
		at reactor.core.publisher.FluxDematerialize$DematerializeSubscriber.onSubscribe(FluxDematerialize.java:77)
		at reactor.core.publisher.FluxIterable.subscribe(FluxIterable.java:201)
		at reactor.core.publisher.FluxIterable.subscribe(FluxIterable.java:83)
		at reactor.core.publisher.InternalFluxOperator.subscribe(InternalFluxOperator.java:62)
		at reactor.core.publisher.FluxDefer.subscribe(FluxDefer.java:54)
		at reactor.core.publisher.Mono.subscribe(Mono.java:4490)
		at reactor.core.publisher.FluxConcatMap$ConcatMapImmediate.drain(FluxConcatMap.java:451)
		at reactor.core.publisher.FluxConcatMap$ConcatMapImmediate.onSubscribe(FluxConcatMap.java:219)
		at reactor.core.publisher.FluxIterable.subscribe(FluxIterable.java:201)
		at reactor.core.publisher.FluxIterable.subscribe(FluxIterable.java:83)
		at reactor.core.publisher.InternalMonoOperator.subscribe(InternalMonoOperator.java:64)
		at reactor.core.publisher.MonoDefer.subscribe(MonoDefer.java:53)
		at reactor.core.publisher.InternalMonoOperator.subscribe(InternalMonoOperator.java:64)
		at reactor.core.publisher.MonoDefer.subscribe(MonoDefer.java:53)
		at reactor.core.publisher.InternalMonoOperator.subscribe(InternalMonoOperator.java:64)
		at reactor.core.publisher.MonoDefer.subscribe(MonoDefer.java:53)
		at reactor.core.publisher.InternalMonoOperator.subscribe(InternalMonoOperator.java:64)
		at reactor.core.publisher.MonoDefer.subscribe(MonoDefer.java:53)
		at reactor.core.publisher.Mono.subscribe(Mono.java:4490)
		at reactor.core.publisher.MonoIgnoreThen$ThenIgnoreMain.subscribeNext(MonoIgnoreThen.java:263)
		at reactor.core.publisher.MonoIgnoreThen.subscribe(MonoIgnoreThen.java:51)
		at reactor.core.publisher.InternalMonoOperator.subscribe(InternalMonoOperator.java:64)
		at reactor.core.publisher.MonoDeferContextual.subscribe(MonoDeferContextual.java:55)
		at reactor.netty.http.server.HttpServer$HttpServerHandle.onStateChange(HttpServer.java:1112)
		at reactor.netty.ReactorNetty$CompositeConnectionObserver.onStateChange(ReactorNetty.java:707)
		at reactor.netty.transport.ServerTransport$ChildObserver.onStateChange(ServerTransport.java:481)
		at reactor.netty.http.server.HttpServerOperations.onInboundNext(HttpServerOperations.java:626)
		at reactor.netty.channel.ChannelOperationsHandler.channelRead(ChannelOperationsHandler.java:114)
		at io.netty.channel.AbstractChannelHandlerContext.invokeChannelRead(AbstractChannelHandlerContext.java:444)
		at io.netty.channel.AbstractChannelHandlerContext.invokeChannelRead(AbstractChannelHandlerContext.java:420)
		at io.netty.channel.AbstractChannelHandlerContext.fireChannelRead(AbstractChannelHandlerContext.java:412)
		at reactor.netty.http.server.HttpTrafficHandler.channelRead(HttpTrafficHandler.java:230)
		at io.netty.channel.AbstractChannelHandlerContext.invokeChannelRead(AbstractChannelHandlerContext.java:442)
		at io.netty.channel.AbstractChannelHandlerContext.invokeChannelRead(AbstractChannelHandlerContext.java:420)
		at io.netty.channel.AbstractChannelHandlerContext.fireChannelRead(AbstractChannelHandlerContext.java:412)
		at io.netty.channel.CombinedChannelDuplexHandler$DelegatingChannelHandlerContext.fireChannelRead(CombinedChannelDuplexHandler.java:436)
		at io.netty.handler.codec.ByteToMessageDecoder.fireChannelRead(ByteToMessageDecoder.java:346)
		at io.netty.handler.codec.ByteToMessageDecoder.fireChannelRead(ByteToMessageDecoder.java:333)
		at io.netty.handler.codec.ByteToMessageDecoder.callDecode(ByteToMessageDecoder.java:454)
		at io.netty.handler.codec.ByteToMessageDecoder.channelRead(ByteToMessageDecoder.java:290)
		at io.netty.channel.CombinedChannelDuplexHandler.channelRead(CombinedChannelDuplexHandler.java:251)
		at io.netty.channel.AbstractChannelHandlerContext.invokeChannelRead(AbstractChannelHandlerContext.java:442)
		at io.netty.channel.AbstractChannelHandlerContext.invokeChannelRead(AbstractChannelHandlerContext.java:420)
		at io.netty.channel.AbstractChannelHandlerContext.fireChannelRead(AbstractChannelHandlerContext.java:412)
		at io.netty.channel.DefaultChannelPipeline$HeadContext.channelRead(DefaultChannelPipeline.java:1410)
		at io.netty.channel.AbstractChannelHandlerContext.invokeChannelRead(AbstractChannelHandlerContext.java:440)
		at io.netty.channel.AbstractChannelHandlerContext.invokeChannelRead(AbstractChannelHandlerContext.java:420)
		at io.netty.channel.DefaultChannelPipeline.fireChannelRead(DefaultChannelPipeline.java:919)
		at io.netty.channel.nio.AbstractNioByteChannel$NioByteUnsafe.read(AbstractNioByteChannel.java:166)
		at io.netty.channel.nio.NioEventLoop.processSelectedKey(NioEventLoop.java:788)
		at io.netty.channel.nio.NioEventLoop.processSelectedKeysOptimized(NioEventLoop.java:724)
		at io.netty.channel.nio.NioEventLoop.processSelectedKeys(NioEventLoop.java:650)
		at io.netty.channel.nio.NioEventLoop.run(NioEventLoop.java:562)
		at io.netty.util.concurrent.SingleThreadEventExecutor$4.run(SingleThreadEventExecutor.java:997)
		at io.netty.util.internal.ThreadExecutorMap$2.run(ThreadExecutorMap.java:74)
		at io.netty.util.concurrent.FastThreadLocalRunnable.run(FastThreadLocalRunnable.java:30)
		at java.base/java.lang.Thread.run(Thread.java:834)
11:32:54.304 [reactor-http-nio-4] ERROR o.s.b.a.w.r.e.AbstractErrorWebExceptionHandler - [error,102] - [ab435609-250]  500 Server Error for HTTP POST "/auth/login"
java.lang.NullPointerException: null
	at com.jcm.common.core.utils.ServletUtils.webFluxResponseWriter(ServletUtils.java:330)
	Suppressed: reactor.core.publisher.FluxOnAssembly$OnAssemblyException: 
Error has been observed at the following site(s):
	*__checkpoint ⇢ org.springframework.cloud.gateway.filter.WeightCalculatorWebFilter [DefaultWebFilterChain]
	*__checkpoint ⇢ org.springframework.boot.actuate.metrics.web.reactive.server.MetricsWebFilter [DefaultWebFilterChain]
	*__checkpoint ⇢ HTTP POST "/auth/login" [ExceptionHandlingWebHandler]
Original Stack Trace:
		at com.jcm.common.core.utils.ServletUtils.webFluxResponseWriter(ServletUtils.java:330)
		at com.jcm.common.core.utils.ServletUtils.webFluxResponseWriter(ServletUtils.java:313)
		at com.jcm.common.core.utils.ServletUtils.webFluxResponseWriter(ServletUtils.java:286)
		at com.jcm.gateway.filter.ValidateCodeFilter.lambda$apply$0(ValidateCodeFilter.java:62)
		at org.springframework.cloud.gateway.filter.OrderedGatewayFilter.filter(OrderedGatewayFilter.java:44)
		at org.springframework.cloud.gateway.handler.FilteringWebHandler$DefaultGatewayFilterChain.lambda$filter$0(FilteringWebHandler.java:117)
		at reactor.core.publisher.MonoDefer.subscribe(MonoDefer.java:45)
		at reactor.core.publisher.InternalMonoOperator.subscribe(InternalMonoOperator.java:64)
		at reactor.core.publisher.MonoDefer.subscribe(MonoDefer.java:53)
		at reactor.core.publisher.MonoDefer.subscribe(MonoDefer.java:53)
		at reactor.core.publisher.Mono.subscribe(Mono.java:4490)
		at reactor.core.publisher.MonoIgnoreThen$ThenIgnoreMain.subscribeNext(MonoIgnoreThen.java:263)
		at reactor.core.publisher.MonoIgnoreThen.subscribe(MonoIgnoreThen.java:51)
		at reactor.core.publisher.InternalMonoOperator.subscribe(InternalMonoOperator.java:64)
		at reactor.core.publisher.MonoDefer.subscribe(MonoDefer.java:53)
		at reactor.core.publisher.MonoDefer.subscribe(MonoDefer.java:53)
		at reactor.core.publisher.MonoDefer.subscribe(MonoDefer.java:53)
		at reactor.core.publisher.InternalMonoOperator.subscribe(InternalMonoOperator.java:64)
		at reactor.core.publisher.MonoDefer.subscribe(MonoDefer.java:53)
		at reactor.core.publisher.Mono.subscribe(Mono.java:4490)
		at reactor.core.publisher.MonoIgnoreThen$ThenIgnoreMain.subscribeNext(MonoIgnoreThen.java:263)
		at reactor.core.publisher.MonoIgnoreThen.subscribe(MonoIgnoreThen.java:51)
		at reactor.core.publisher.MonoFlatMap$FlatMapMain.onNext(MonoFlatMap.java:157)
		at reactor.core.publisher.FluxSwitchIfEmpty$SwitchIfEmptySubscriber.onNext(FluxSwitchIfEmpty.java:74)
		at reactor.core.publisher.MonoNext$NextSubscriber.onNext(MonoNext.java:82)
		at reactor.core.publisher.FluxConcatMap$ConcatMapImmediate.innerNext(FluxConcatMap.java:282)
		at reactor.core.publisher.FluxConcatMap$ConcatMapInner.onNext(FluxConcatMap.java:863)
		at reactor.core.publisher.FluxMap$MapSubscriber.onNext(FluxMap.java:122)
		at reactor.core.publisher.FluxSwitchIfEmpty$SwitchIfEmptySubscriber.onNext(FluxSwitchIfEmpty.java:74)
		at reactor.core.publisher.Operators$MonoSubscriber.complete(Operators.java:1839)
		at reactor.core.publisher.MonoFlatMap$FlatMapMain.onNext(MonoFlatMap.java:151)
		at reactor.core.publisher.FluxMap$MapSubscriber.onNext(FluxMap.java:122)
		at reactor.core.publisher.MonoNext$NextSubscriber.onNext(MonoNext.java:82)
		at reactor.core.publisher.FluxConcatMap$ConcatMapImmediate.innerNext(FluxConcatMap.java:282)
		at reactor.core.publisher.FluxConcatMap$ConcatMapInner.onNext(FluxConcatMap.java:863)
		at reactor.core.publisher.FluxOnErrorResume$ResumeSubscriber.onNext(FluxOnErrorResume.java:79)
		at reactor.core.publisher.MonoPeekTerminal$MonoTerminalPeekSubscriber.onNext(MonoPeekTerminal.java:180)
		at reactor.core.publisher.Operators$MonoSubscriber.complete(Operators.java:1839)
		at reactor.core.publisher.MonoFilterWhen$MonoFilterWhenMain.onNext(MonoFilterWhen.java:149)
		at reactor.core.publisher.Operators$ScalarSubscription.request(Operators.java:2400)
		at reactor.core.publisher.MonoFilterWhen$MonoFilterWhenMain.onSubscribe(MonoFilterWhen.java:112)
		at reactor.core.publisher.MonoJust.subscribe(MonoJust.java:55)
		at reactor.core.publisher.Mono.subscribe(Mono.java:4490)
		at reactor.core.publisher.FluxConcatMap$ConcatMapImmediate.drain(FluxConcatMap.java:451)
		at reactor.core.publisher.FluxConcatMap$ConcatMapImmediate.onNext(FluxConcatMap.java:251)
		at reactor.core.publisher.FluxDematerialize$DematerializeSubscriber.onNext(FluxDematerialize.java:98)
		at reactor.core.publisher.FluxDematerialize$DematerializeSubscriber.onNext(FluxDematerialize.java:44)
		at reactor.core.publisher.FluxIterable$IterableSubscription.slowPath(FluxIterable.java:335)
		at reactor.core.publisher.FluxIterable$IterableSubscription.request(FluxIterable.java:294)
		at reactor.core.publisher.FluxDematerialize$DematerializeSubscriber.request(FluxDematerialize.java:127)
		at reactor.core.publisher.FluxConcatMap$ConcatMapImmediate.onSubscribe(FluxConcatMap.java:236)
		at reactor.core.publisher.FluxDematerialize$DematerializeSubscriber.onSubscribe(FluxDematerialize.java:77)
		at reactor.core.publisher.FluxIterable.subscribe(FluxIterable.java:201)
		at reactor.core.publisher.FluxIterable.subscribe(FluxIterable.java:83)
		at reactor.core.publisher.InternalFluxOperator.subscribe(InternalFluxOperator.java:62)
		at reactor.core.publisher.FluxDefer.subscribe(FluxDefer.java:54)
		at reactor.core.publisher.Mono.subscribe(Mono.java:4490)
		at reactor.core.publisher.FluxConcatMap$ConcatMapImmediate.drain(FluxConcatMap.java:451)
		at reactor.core.publisher.FluxConcatMap$ConcatMapImmediate.onSubscribe(FluxConcatMap.java:219)
		at reactor.core.publisher.FluxIterable.subscribe(FluxIterable.java:201)
		at reactor.core.publisher.FluxIterable.subscribe(FluxIterable.java:83)
		at reactor.core.publisher.InternalMonoOperator.subscribe(InternalMonoOperator.java:64)
		at reactor.core.publisher.MonoDefer.subscribe(MonoDefer.java:53)
		at reactor.core.publisher.InternalMonoOperator.subscribe(InternalMonoOperator.java:64)
		at reactor.core.publisher.MonoDefer.subscribe(MonoDefer.java:53)
		at reactor.core.publisher.InternalMonoOperator.subscribe(InternalMonoOperator.java:64)
		at reactor.core.publisher.MonoDefer.subscribe(MonoDefer.java:53)
		at reactor.core.publisher.InternalMonoOperator.subscribe(InternalMonoOperator.java:64)
		at reactor.core.publisher.MonoDefer.subscribe(MonoDefer.java:53)
		at reactor.core.publisher.Mono.subscribe(Mono.java:4490)
		at reactor.core.publisher.MonoIgnoreThen$ThenIgnoreMain.subscribeNext(MonoIgnoreThen.java:263)
		at reactor.core.publisher.MonoIgnoreThen.subscribe(MonoIgnoreThen.java:51)
		at reactor.core.publisher.InternalMonoOperator.subscribe(InternalMonoOperator.java:64)
		at reactor.core.publisher.MonoDeferContextual.subscribe(MonoDeferContextual.java:55)
		at reactor.netty.http.server.HttpServer$HttpServerHandle.onStateChange(HttpServer.java:1112)
		at reactor.netty.ReactorNetty$CompositeConnectionObserver.onStateChange(ReactorNetty.java:707)
		at reactor.netty.transport.ServerTransport$ChildObserver.onStateChange(ServerTransport.java:481)
		at reactor.netty.http.server.HttpServerOperations.onInboundNext(HttpServerOperations.java:626)
		at reactor.netty.channel.ChannelOperationsHandler.channelRead(ChannelOperationsHandler.java:114)
		at io.netty.channel.AbstractChannelHandlerContext.invokeChannelRead(AbstractChannelHandlerContext.java:444)
		at io.netty.channel.AbstractChannelHandlerContext.invokeChannelRead(AbstractChannelHandlerContext.java:420)
		at io.netty.channel.AbstractChannelHandlerContext.fireChannelRead(AbstractChannelHandlerContext.java:412)
		at reactor.netty.http.server.HttpTrafficHandler.channelRead(HttpTrafficHandler.java:230)
		at io.netty.channel.AbstractChannelHandlerContext.invokeChannelRead(AbstractChannelHandlerContext.java:442)
		at io.netty.channel.AbstractChannelHandlerContext.invokeChannelRead(AbstractChannelHandlerContext.java:420)
		at io.netty.channel.AbstractChannelHandlerContext.fireChannelRead(AbstractChannelHandlerContext.java:412)
		at io.netty.channel.CombinedChannelDuplexHandler$DelegatingChannelHandlerContext.fireChannelRead(CombinedChannelDuplexHandler.java:436)
		at io.netty.handler.codec.ByteToMessageDecoder.fireChannelRead(ByteToMessageDecoder.java:346)
		at io.netty.handler.codec.ByteToMessageDecoder.fireChannelRead(ByteToMessageDecoder.java:333)
		at io.netty.handler.codec.ByteToMessageDecoder.callDecode(ByteToMessageDecoder.java:454)
		at io.netty.handler.codec.ByteToMessageDecoder.channelRead(ByteToMessageDecoder.java:290)
		at io.netty.channel.CombinedChannelDuplexHandler.channelRead(CombinedChannelDuplexHandler.java:251)
		at io.netty.channel.AbstractChannelHandlerContext.invokeChannelRead(AbstractChannelHandlerContext.java:442)
		at io.netty.channel.AbstractChannelHandlerContext.invokeChannelRead(AbstractChannelHandlerContext.java:420)
		at io.netty.channel.AbstractChannelHandlerContext.fireChannelRead(AbstractChannelHandlerContext.java:412)
		at io.netty.channel.DefaultChannelPipeline$HeadContext.channelRead(DefaultChannelPipeline.java:1410)
		at io.netty.channel.AbstractChannelHandlerContext.invokeChannelRead(AbstractChannelHandlerContext.java:440)
		at io.netty.channel.AbstractChannelHandlerContext.invokeChannelRead(AbstractChannelHandlerContext.java:420)
		at io.netty.channel.DefaultChannelPipeline.fireChannelRead(DefaultChannelPipeline.java:919)
		at io.netty.channel.nio.AbstractNioByteChannel$NioByteUnsafe.read(AbstractNioByteChannel.java:166)
		at io.netty.channel.nio.NioEventLoop.processSelectedKey(NioEventLoop.java:788)
		at io.netty.channel.nio.NioEventLoop.processSelectedKeysOptimized(NioEventLoop.java:724)
		at io.netty.channel.nio.NioEventLoop.processSelectedKeys(NioEventLoop.java:650)
		at io.netty.channel.nio.NioEventLoop.run(NioEventLoop.java:562)
		at io.netty.util.concurrent.SingleThreadEventExecutor$4.run(SingleThreadEventExecutor.java:997)
		at io.netty.util.internal.ThreadExecutorMap$2.run(ThreadExecutorMap.java:74)
		at io.netty.util.concurrent.FastThreadLocalRunnable.run(FastThreadLocalRunnable.java:30)
		at java.base/java.lang.Thread.run(Thread.java:834)
11:44:34.658 [reactor-http-nio-4] ERROR c.j.g.f.AuthFilter - [unauthorizedResponse,104] - [鉴权异常处理]请求路径:/system/user/getInfo
11:45:18.732 [reactor-http-nio-5] ERROR c.j.g.f.AuthFilter - [unauthorizedResponse,104] - [鉴权异常处理]请求路径:/system/user/getInfo
11:45:18.744 [reactor-http-nio-6] ERROR c.j.g.f.AuthFilter - [unauthorizedResponse,104] - [鉴权异常处理]请求路径:/system/user/getInfo
11:45:18.866 [reactor-http-nio-7] ERROR c.j.g.f.AuthFilter - [unauthorizedResponse,104] - [鉴权异常处理]请求路径:/system/user/getInfo
11:45:18.908 [reactor-http-nio-8] ERROR c.j.g.f.AuthFilter - [unauthorizedResponse,104] - [鉴权异常处理]请求路径:/system/user/getInfo
11:45:40.950 [reactor-http-nio-9] ERROR c.j.g.f.AuthFilter - [unauthorizedResponse,104] - [鉴权异常处理]请求路径:/system/user/getInfo
11:45:40.965 [reactor-http-nio-10] ERROR c.j.g.f.AuthFilter - [unauthorizedResponse,104] - [鉴权异常处理]请求路径:/system/user/getInfo
11:45:41.087 [reactor-http-nio-11] ERROR c.j.g.f.AuthFilter - [unauthorizedResponse,104] - [鉴权异常处理]请求路径:/system/user/getInfo
11:45:41.099 [reactor-http-nio-12] ERROR c.j.g.f.AuthFilter - [unauthorizedResponse,104] - [鉴权异常处理]请求路径:/system/user/getInfo
11:46:50.036 [reactor-http-nio-13] ERROR c.j.g.f.AuthFilter - [unauthorizedResponse,104] - [鉴权异常处理]请求路径:/system/user/getInfo
11:46:50.047 [reactor-http-nio-14] ERROR c.j.g.f.AuthFilter - [unauthorizedResponse,104] - [鉴权异常处理]请求路径:/system/user/getInfo
11:46:50.083 [reactor-http-nio-15] ERROR c.j.g.f.AuthFilter - [unauthorizedResponse,104] - [鉴权异常处理]请求路径:/system/user/getInfo
11:46:50.108 [reactor-http-nio-16] ERROR c.j.g.f.AuthFilter - [unauthorizedResponse,104] - [鉴权异常处理]请求路径:/system/user/getInfo
11:46:56.921 [reactor-http-nio-1] ERROR c.j.g.f.AuthFilter - [unauthorizedResponse,104] - [鉴权异常处理]请求路径:/system/user/getInfo
11:46:56.940 [reactor-http-nio-2] ERROR c.j.g.f.AuthFilter - [unauthorizedResponse,104] - [鉴权异常处理]请求路径:/system/user/getInfo
11:46:57.044 [reactor-http-nio-3] ERROR c.j.g.f.AuthFilter - [unauthorizedResponse,104] - [鉴权异常处理]请求路径:/system/user/getInfo
11:46:57.053 [reactor-http-nio-4] ERROR c.j.g.f.AuthFilter - [unauthorizedResponse,104] - [鉴权异常处理]请求路径:/system/user/getInfo
11:47:06.010 [reactor-http-nio-5] ERROR c.j.g.f.AuthFilter - [unauthorizedResponse,104] - [鉴权异常处理]请求路径:/system/user/getInfo
11:47:50.015 [reactor-http-nio-6] ERROR c.j.g.f.AuthFilter - [unauthorizedResponse,104] - [鉴权异常处理]请求路径:/system/user/getInfo
11:48:29.498 [reactor-http-nio-7] ERROR c.j.g.f.AuthFilter - [unauthorizedResponse,104] - [鉴权异常处理]请求路径:/system/user/getInfo
11:48:29.873 [reactor-http-nio-8] ERROR c.j.g.f.AuthFilter - [unauthorizedResponse,104] - [鉴权异常处理]请求路径:/system/user/getInfo
11:48:29.881 [reactor-http-nio-9] ERROR c.j.g.f.AuthFilter - [unauthorizedResponse,104] - [鉴权异常处理]请求路径:/system/user/getInfo
11:48:29.902 [reactor-http-nio-10] ERROR c.j.g.f.AuthFilter - [unauthorizedResponse,104] - [鉴权异常处理]请求路径:/system/user/getInfo
11:48:34.152 [reactor-http-nio-11] ERROR c.j.g.f.AuthFilter - [unauthorizedResponse,104] - [鉴权异常处理]请求路径:/system/user/getInfo
11:48:36.226 [reactor-http-nio-12] ERROR c.j.g.f.AuthFilter - [unauthorizedResponse,104] - [鉴权异常处理]请求路径:/system/user/getInfo
11:49:26.841 [reactor-http-nio-13] ERROR c.j.g.f.AuthFilter - [unauthorizedResponse,104] - [鉴权异常处理]请求路径:/system/user/getInfo
11:50:37.061 [reactor-http-nio-14] ERROR c.j.g.f.AuthFilter - [unauthorizedResponse,104] - [鉴权异常处理]请求路径:/system/user/getInfo
11:50:37.557 [reactor-http-nio-15] ERROR c.j.g.f.AuthFilter - [unauthorizedResponse,104] - [鉴权异常处理]请求路径:/system/user/getInfo
11:50:37.571 [reactor-http-nio-16] ERROR c.j.g.f.AuthFilter - [unauthorizedResponse,104] - [鉴权异常处理]请求路径:/system/user/getInfo
11:50:37.619 [reactor-http-nio-1] ERROR c.j.g.f.AuthFilter - [unauthorizedResponse,104] - [鉴权异常处理]请求路径:/system/user/getInfo
11:50:39.143 [reactor-http-nio-2] ERROR c.j.g.f.AuthFilter - [unauthorizedResponse,104] - [鉴权异常处理]请求路径:/system/user/getInfo
11:50:46.669 [reactor-http-nio-3] ERROR c.j.g.f.AuthFilter - [unauthorizedResponse,104] - [鉴权异常处理]请求路径:/system/user/getInfo
11:50:46.817 [reactor-http-nio-4] ERROR c.j.g.f.AuthFilter - [unauthorizedResponse,104] - [鉴权异常处理]请求路径:/system/user/getInfo
11:50:46.842 [reactor-http-nio-5] ERROR c.j.g.f.AuthFilter - [unauthorizedResponse,104] - [鉴权异常处理]请求路径:/system/user/getInfo
11:50:46.998 [reactor-http-nio-6] ERROR c.j.g.f.AuthFilter - [unauthorizedResponse,104] - [鉴权异常处理]请求路径:/system/user/getInfo
11:53:14.270 [reactor-http-nio-7] ERROR c.j.g.f.AuthFilter - [unauthorizedResponse,104] - [鉴权异常处理]请求路径:/system/user/getInfo
11:53:14.426 [reactor-http-nio-8] ERROR c.j.g.f.AuthFilter - [unauthorizedResponse,104] - [鉴权异常处理]请求路径:/system/permission/getRouters
11:53:14.822 [reactor-http-nio-9] ERROR c.j.g.f.AuthFilter - [unauthorizedResponse,104] - [鉴权异常处理]请求路径:/system/user/getInfo
11:53:14.835 [reactor-http-nio-10] ERROR c.j.g.f.AuthFilter - [unauthorizedResponse,104] - [鉴权异常处理]请求路径:/system/user/getInfo
11:53:14.859 [reactor-http-nio-11] ERROR c.j.g.f.AuthFilter - [unauthorizedResponse,104] - [鉴权异常处理]请求路径:/system/permission/getRouters
11:53:14.888 [reactor-http-nio-12] ERROR c.j.g.f.AuthFilter - [unauthorizedResponse,104] - [鉴权异常处理]请求路径:/system/permission/getRouters
11:53:14.948 [reactor-http-nio-13] ERROR c.j.g.f.AuthFilter - [unauthorizedResponse,104] - [鉴权异常处理]请求路径:/system/user/getInfo
11:53:15.077 [reactor-http-nio-14] ERROR c.j.g.f.AuthFilter - [unauthorizedResponse,104] - [鉴权异常处理]请求路径:/system/permission/getRouters
11:53:16.097 [reactor-http-nio-15] ERROR c.j.g.f.AuthFilter - [unauthorizedResponse,104] - [鉴权异常处理]请求路径:/system/user/getInfo
11:53:16.214 [reactor-http-nio-16] ERROR c.j.g.f.AuthFilter - [unauthorizedResponse,104] - [鉴权异常处理]请求路径:/system/permission/getRouters
11:53:31.636 [reactor-http-nio-1] ERROR c.j.g.f.AuthFilter - [unauthorizedResponse,104] - [鉴权异常处理]请求路径:/system/user/getInfo
11:53:31.645 [reactor-http-nio-2] ERROR c.j.g.f.AuthFilter - [unauthorizedResponse,104] - [鉴权异常处理]请求路径:/system/user/getInfo
11:53:31.652 [reactor-http-nio-3] ERROR c.j.g.f.AuthFilter - [unauthorizedResponse,104] - [鉴权异常处理]请求路径:/system/user/getInfo
11:53:31.724 [reactor-http-nio-4] ERROR c.j.g.f.AuthFilter - [unauthorizedResponse,104] - [鉴权异常处理]请求路径:/system/user/getInfo
11:57:27.655 [reactor-http-nio-5] ERROR c.j.g.f.AuthFilter - [unauthorizedResponse,104] - [鉴权异常处理]请求路径:/system/user/getInfo
11:57:27.663 [reactor-http-nio-6] ERROR c.j.g.f.AuthFilter - [unauthorizedResponse,104] - [鉴权异常处理]请求路径:/system/user/getInfo
11:57:27.808 [reactor-http-nio-10] ERROR c.j.g.f.AuthFilter - [unauthorizedResponse,104] - [鉴权异常处理]请求路径:/system/user/getInfo
11:57:27.928 [reactor-http-nio-11] ERROR c.j.g.f.AuthFilter - [unauthorizedResponse,104] - [鉴权异常处理]请求路径:/system/user/getInfo
11:58:21.937 [reactor-http-nio-3] ERROR c.j.g.f.AuthFilter - [unauthorizedResponse,104] - [鉴权异常处理]请求路径:/system/user/getInfo
11:59:26.810 [reactor-http-nio-8] ERROR c.j.g.f.AuthFilter - [unauthorizedResponse,104] - [鉴权异常处理]请求路径:/system/user/getInfo
12:00:26.985 [reactor-http-nio-12] ERROR c.j.g.f.AuthFilter - [unauthorizedResponse,104] - [鉴权异常处理]请求路径:/system/user/getInfo
12:33:45.350 [reactor-http-nio-6] ERROR c.j.g.f.AuthFilter - [unauthorizedResponse,104] - [鉴权异常处理]请求路径:/system/user/getInfo
16:28:04.105 [reactor-http-nio-2] ERROR c.j.g.f.AuthFilter - [unauthorizedResponse,104] - [鉴权异常处理]请求路径:/system/user/getInfo
